2019-12-14 15:28:41.661  INFO 14064 --- [restartedMain] c.k.i.s.SpringElasticsearchApplication   : Starting SpringElasticsearchApplication on DESKTOP-DFNIM0F with PID 14064 (C:\Users\klaus\git\spring-2019\spring-digger\spring-elasticsearch\target\classes started by klaus in C:\Users\klaus\git\spring-2019)
2019-12-14 15:28:41.670  INFO 14064 --- [restartedMain] c.k.i.s.SpringElasticsearchApplication   : The following profiles are active: node1
2019-12-14 15:28:41.735  INFO 14064 --- [restartedMain] .e.DevToolsPropertyDefaultsPostProcessor : Devtools property defaults active! Set 'spring.devtools.add-properties' to 'false' to disable
2019-12-14 15:28:41.735  INFO 14064 --- [restartedMain] .e.DevToolsPropertyDefaultsPostProcessor : For additional web related logging consider setting the 'logging.level.web' property to 'DEBUG'
2019-12-14 15:28:42.746  INFO 14064 --- [restartedMain] .s.d.r.c.RepositoryConfigurationDelegate : Bootstrapping Spring Data repositories in DEFAULT mode.
2019-12-14 15:28:42.806  INFO 14064 --- [restartedMain] .s.d.r.c.RepositoryConfigurationDelegate : Finished Spring Data repository scanning in 57ms. Found 1 repository interfaces.
2019-12-14 15:28:43.311  INFO 14064 --- [restartedMain] o.s.b.w.embedded.tomcat.TomcatWebServer  : Tomcat initialized with port(s): 40001 (http)
2019-12-14 15:28:43.329  INFO 14064 --- [restartedMain] o.apache.catalina.core.StandardService   : Starting service [Tomcat]
2019-12-14 15:28:43.330  INFO 14064 --- [restartedMain] org.apache.catalina.core.StandardEngine  : Starting Servlet engine: [Apache Tomcat/9.0.24]
2019-12-14 15:28:43.450  INFO 14064 --- [restartedMain] o.a.c.c.C.[Tomcat].[localhost].[/]       : Initializing Spring embedded WebApplicationContext
2019-12-14 15:28:43.450  INFO 14064 --- [restartedMain] o.s.web.context.ContextLoader            : Root WebApplicationContext: initialization completed in 1715 ms
2019-12-14 15:28:43.512  WARN 14064 --- [restartedMain] ConfigServletWebServerApplicationContext : Exception encountered during context initialization - cancelling refresh attempt: org.springframework.beans.factory.UnsatisfiedDependencyException: Error creating bean with name 'testController' defined in file [C:\Users\klaus\git\spring-2019\spring-digger\spring-elasticsearch\target\classes\com\klaus\interview\springelasticsearch\controller\TestController.class]: Unsatisfied dependency expressed through constructor parameter 0; nested exception is org.springframework.beans.factory.UnsatisfiedDependencyException: Error creating bean with name 'elasticsearchTemplate' defined in class path resource [org/springframework/boot/autoconfigure/data/elasticsearch/ElasticsearchDataAutoConfiguration.class]: Unsatisfied dependency expressed through method 'elasticsearchTemplate' parameter 0; nested exception is org.springframework.beans.factory.BeanCreationException: Error creating bean with name 'elasticsearchClient' defined in class path resource [org/springframework/boot/autoconfigure/data/elasticsearch/ElasticsearchAutoConfiguration.class]: Bean instantiation via factory method failed; nested exception is org.springframework.beans.BeanInstantiationException: Failed to instantiate [org.elasticsearch.client.transport.TransportClient]: Factory method 'elasticsearchClient' threw exception; nested exception is java.lang.NoClassDefFoundError: org/elasticsearch/transport/client/PreBuiltTransportClient
2019-12-14 15:28:43.514  INFO 14064 --- [restartedMain] o.apache.catalina.core.StandardService   : Stopping service [Tomcat]
2019-12-14 15:28:43.525  INFO 14064 --- [restartedMain] ConditionEvaluationReportLoggingListener : 

Error starting ApplicationContext. To display the conditions report re-run your application with 'debug' enabled.
2019-12-14 15:28:43.535 ERROR 14064 --- [restartedMain] o.s.boot.SpringApplication               : Application run failed

org.springframework.beans.factory.UnsatisfiedDependencyException: Error creating bean with name 'testController' defined in file [C:\Users\klaus\git\spring-2019\spring-digger\spring-elasticsearch\target\classes\com\klaus\interview\springelasticsearch\controller\TestController.class]: Unsatisfied dependency expressed through constructor parameter 0; nested exception is org.springframework.beans.factory.UnsatisfiedDependencyException: Error creating bean with name 'elasticsearchTemplate' defined in class path resource [org/springframework/boot/autoconfigure/data/elasticsearch/ElasticsearchDataAutoConfiguration.class]: Unsatisfied dependency expressed through method 'elasticsearchTemplate' parameter 0; nested exception is org.springframework.beans.factory.BeanCreationException: Error creating bean with name 'elasticsearchClient' defined in class path resource [org/springframework/boot/autoconfigure/data/elasticsearch/ElasticsearchAutoConfiguration.class]: Bean instantiation via factory method failed; nested exception is org.springframework.beans.BeanInstantiationException: Failed to instantiate [org.elasticsearch.client.transport.TransportClient]: Factory method 'elasticsearchClient' threw exception; nested exception is java.lang.NoClassDefFoundError: org/elasticsearch/transport/client/PreBuiltTransportClient
	at org.springframework.beans.factory.support.ConstructorResolver.createArgumentArray(ConstructorResolver.java:769) ~[spring-beans-5.1.9.RELEASE.jar:5.1.9.RELEASE]
	at org.springframework.beans.factory.support.ConstructorResolver.autowireConstructor(ConstructorResolver.java:218) ~[spring-beans-5.1.9.RELEASE.jar:5.1.9.RELEASE]
	at org.springframework.beans.factory.support.AbstractAutowireCapableBeanFactory.autowireConstructor(AbstractAutowireCapableBeanFactory.java:1341) ~[spring-beans-5.1.9.RELEASE.jar:5.1.9.RELEASE]
	at org.springframework.beans.factory.support.AbstractAutowireCapableBeanFactory.createBeanInstance(AbstractAutowireCapableBeanFactory.java:1187) ~[spring-beans-5.1.9.RELEASE.jar:5.1.9.RELEASE]
	at org.springframework.beans.factory.support.AbstractAutowireCapableBeanFactory.doCreateBean(AbstractAutowireCapableBeanFactory.java:555) ~[spring-beans-5.1.9.RELEASE.jar:5.1.9.RELEASE]
	at org.springframework.beans.factory.support.AbstractAutowireCapableBeanFactory.createBean(AbstractAutowireCapableBeanFactory.java:515) ~[spring-beans-5.1.9.RELEASE.jar:5.1.9.RELEASE]
	at org.springframework.beans.factory.support.AbstractBeanFactory.lambda$doGetBean$0(AbstractBeanFactory.java:320) ~[spring-beans-5.1.9.RELEASE.jar:5.1.9.RELEASE]
	at org.springframework.beans.factory.support.DefaultSingletonBeanRegistry.getSingleton(DefaultSingletonBeanRegistry.java:222) ~[spring-beans-5.1.9.RELEASE.jar:5.1.9.RELEASE]
	at org.springframework.beans.factory.support.AbstractBeanFactory.doGetBean(AbstractBeanFactory.java:318) ~[spring-beans-5.1.9.RELEASE.jar:5.1.9.RELEASE]
	at org.springframework.beans.factory.support.AbstractBeanFactory.getBean(AbstractBeanFactory.java:199) ~[spring-beans-5.1.9.RELEASE.jar:5.1.9.RELEASE]
	at org.springframework.beans.factory.support.DefaultListableBeanFactory.preInstantiateSingletons(DefaultListableBeanFactory.java:845) ~[spring-beans-5.1.9.RELEASE.jar:5.1.9.RELEASE]
	at org.springframework.context.support.AbstractApplicationContext.finishBeanFactoryInitialization(AbstractApplicationContext.java:877) ~[spring-context-5.1.9.RELEASE.jar:5.1.9.RELEASE]
	at org.springframework.context.support.AbstractApplicationContext.refresh(AbstractApplicationContext.java:549) ~[spring-context-5.1.9.RELEASE.jar:5.1.9.RELEASE]
	at org.springframework.boot.web.servlet.context.ServletWebServerApplicationContext.refresh(ServletWebServerApplicationContext.java:141) ~[spring-boot-2.1.8.RELEASE.jar:2.1.8.RELEASE]
	at org.springframework.boot.SpringApplication.refresh(SpringApplication.java:744) [spring-boot-2.1.8.RELEASE.jar:2.1.8.RELEASE]
	at org.springframework.boot.SpringApplication.refreshContext(SpringApplication.java:391) [spring-boot-2.1.8.RELEASE.jar:2.1.8.RELEASE]
	at org.springframework.boot.SpringApplication.run(SpringApplication.java:312) [spring-boot-2.1.8.RELEASE.jar:2.1.8.RELEASE]
	at org.springframework.boot.SpringApplication.run(SpringApplication.java:1215) [spring-boot-2.1.8.RELEASE.jar:2.1.8.RELEASE]
	at org.springframework.boot.SpringApplication.run(SpringApplication.java:1204) [spring-boot-2.1.8.RELEASE.jar:2.1.8.RELEASE]
	at com.klaus.interview.springelasticsearch.SpringElasticsearchApplication.main(SpringElasticsearchApplication.java:12) [classes/:na]
	at sun.reflect.NativeMethodAccessorImpl.invoke0(Native Method) ~[na:1.8.0_131]
	at sun.reflect.NativeMethodAccessorImpl.invoke(NativeMethodAccessorImpl.java:62) ~[na:1.8.0_131]
	at sun.reflect.DelegatingMethodAccessorImpl.invoke(DelegatingMethodAccessorImpl.java:43) ~[na:1.8.0_131]
	at java.lang.reflect.Method.invoke(Method.java:498) ~[na:1.8.0_131]
	at org.springframework.boot.devtools.restart.RestartLauncher.run(RestartLauncher.java:49) [spring-boot-devtools-2.1.8.RELEASE.jar:2.1.8.RELEASE]
Caused by: org.springframework.beans.factory.UnsatisfiedDependencyException: Error creating bean with name 'elasticsearchTemplate' defined in class path resource [org/springframework/boot/autoconfigure/data/elasticsearch/ElasticsearchDataAutoConfiguration.class]: Unsatisfied dependency expressed through method 'elasticsearchTemplate' parameter 0; nested exception is org.springframework.beans.factory.BeanCreationException: Error creating bean with name 'elasticsearchClient' defined in class path resource [org/springframework/boot/autoconfigure/data/elasticsearch/ElasticsearchAutoConfiguration.class]: Bean instantiation via factory method failed; nested exception is org.springframework.beans.BeanInstantiationException: Failed to instantiate [org.elasticsearch.client.transport.TransportClient]: Factory method 'elasticsearchClient' threw exception; nested exception is java.lang.NoClassDefFoundError: org/elasticsearch/transport/client/PreBuiltTransportClient
	at org.springframework.beans.factory.support.ConstructorResolver.createArgumentArray(ConstructorResolver.java:769) ~[spring-beans-5.1.9.RELEASE.jar:5.1.9.RELEASE]
	at org.springframework.beans.factory.support.ConstructorResolver.instantiateUsingFactoryMethod(ConstructorResolver.java:509) ~[spring-beans-5.1.9.RELEASE.jar:5.1.9.RELEASE]
	at org.springframework.beans.factory.support.AbstractAutowireCapableBeanFactory.instantiateUsingFactoryMethod(AbstractAutowireCapableBeanFactory.java:1321) ~[spring-beans-5.1.9.RELEASE.jar:5.1.9.RELEASE]
	at org.springframework.beans.factory.support.AbstractAutowireCapableBeanFactory.createBeanInstance(AbstractAutowireCapableBeanFactory.java:1160) ~[spring-beans-5.1.9.RELEASE.jar:5.1.9.RELEASE]
	at org.springframework.beans.factory.support.AbstractAutowireCapableBeanFactory.doCreateBean(AbstractAutowireCapableBeanFactory.java:555) ~[spring-beans-5.1.9.RELEASE.jar:5.1.9.RELEASE]
	at org.springframework.beans.factory.support.AbstractAutowireCapableBeanFactory.createBean(AbstractAutowireCapableBeanFactory.java:515) ~[spring-beans-5.1.9.RELEASE.jar:5.1.9.RELEASE]
	at org.springframework.beans.factory.support.AbstractBeanFactory.lambda$doGetBean$0(AbstractBeanFactory.java:320) ~[spring-beans-5.1.9.RELEASE.jar:5.1.9.RELEASE]
	at org.springframework.beans.factory.support.DefaultSingletonBeanRegistry.getSingleton(DefaultSingletonBeanRegistry.java:222) ~[spring-beans-5.1.9.RELEASE.jar:5.1.9.RELEASE]
	at org.springframework.beans.factory.support.AbstractBeanFactory.doGetBean(AbstractBeanFactory.java:318) ~[spring-beans-5.1.9.RELEASE.jar:5.1.9.RELEASE]
	at org.springframework.beans.factory.support.AbstractBeanFactory.getBean(AbstractBeanFactory.java:199) ~[spring-beans-5.1.9.RELEASE.jar:5.1.9.RELEASE]
	at org.springframework.beans.factory.config.DependencyDescriptor.resolveCandidate(DependencyDescriptor.java:277) ~[spring-beans-5.1.9.RELEASE.jar:5.1.9.RELEASE]
	at org.springframework.beans.factory.support.DefaultListableBeanFactory.doResolveDependency(DefaultListableBeanFactory.java:1251) ~[spring-beans-5.1.9.RELEASE.jar:5.1.9.RELEASE]
	at org.springframework.beans.factory.support.DefaultListableBeanFactory.resolveDependency(DefaultListableBeanFactory.java:1171) ~[spring-beans-5.1.9.RELEASE.jar:5.1.9.RELEASE]
	at org.springframework.beans.factory.support.ConstructorResolver.resolveAutowiredArgument(ConstructorResolver.java:857) ~[spring-beans-5.1.9.RELEASE.jar:5.1.9.RELEASE]
	at org.springframework.beans.factory.support.ConstructorResolver.createArgumentArray(ConstructorResolver.java:760) ~[spring-beans-5.1.9.RELEASE.jar:5.1.9.RELEASE]
	... 24 common frames omitted
Caused by: org.springframework.beans.factory.BeanCreationException: Error creating bean with name 'elasticsearchClient' defined in class path resource [org/springframework/boot/autoconfigure/data/elasticsearch/ElasticsearchAutoConfiguration.class]: Bean instantiation via factory method failed; nested exception is org.springframework.beans.BeanInstantiationException: Failed to instantiate [org.elasticsearch.client.transport.TransportClient]: Factory method 'elasticsearchClient' threw exception; nested exception is java.lang.NoClassDefFoundError: org/elasticsearch/transport/client/PreBuiltTransportClient
	at org.springframework.beans.factory.support.ConstructorResolver.instantiate(ConstructorResolver.java:627) ~[spring-beans-5.1.9.RELEASE.jar:5.1.9.RELEASE]
	at org.springframework.beans.factory.support.ConstructorResolver.instantiateUsingFactoryMethod(ConstructorResolver.java:456) ~[spring-beans-5.1.9.RELEASE.jar:5.1.9.RELEASE]
	at org.springframework.beans.factory.support.AbstractAutowireCapableBeanFactory.instantiateUsingFactoryMethod(AbstractAutowireCapableBeanFactory.java:1321) ~[spring-beans-5.1.9.RELEASE.jar:5.1.9.RELEASE]
	at org.springframework.beans.factory.support.AbstractAutowireCapableBeanFactory.createBeanInstance(AbstractAutowireCapableBeanFactory.java:1160) ~[spring-beans-5.1.9.RELEASE.jar:5.1.9.RELEASE]
	at org.springframework.beans.factory.support.AbstractAutowireCapableBeanFactory.doCreateBean(AbstractAutowireCapableBeanFactory.java:555) ~[spring-beans-5.1.9.RELEASE.jar:5.1.9.RELEASE]
	at org.springframework.beans.factory.support.AbstractAutowireCapableBeanFactory.createBean(AbstractAutowireCapableBeanFactory.java:515) ~[spring-beans-5.1.9.RELEASE.jar:5.1.9.RELEASE]
	at org.springframework.beans.factory.support.AbstractBeanFactory.lambda$doGetBean$0(AbstractBeanFactory.java:320) ~[spring-beans-5.1.9.RELEASE.jar:5.1.9.RELEASE]
	at org.springframework.beans.factory.support.DefaultSingletonBeanRegistry.getSingleton(DefaultSingletonBeanRegistry.java:222) ~[spring-beans-5.1.9.RELEASE.jar:5.1.9.RELEASE]
	at org.springframework.beans.factory.support.AbstractBeanFactory.doGetBean(AbstractBeanFactory.java:318) ~[spring-beans-5.1.9.RELEASE.jar:5.1.9.RELEASE]
	at org.springframework.beans.factory.support.AbstractBeanFactory.getBean(AbstractBeanFactory.java:199) ~[spring-beans-5.1.9.RELEASE.jar:5.1.9.RELEASE]
	at org.springframework.beans.factory.config.DependencyDescriptor.resolveCandidate(DependencyDescriptor.java:277) ~[spring-beans-5.1.9.RELEASE.jar:5.1.9.RELEASE]
	at org.springframework.beans.factory.support.DefaultListableBeanFactory.doResolveDependency(DefaultListableBeanFactory.java:1251) ~[spring-beans-5.1.9.RELEASE.jar:5.1.9.RELEASE]
	at org.springframework.beans.factory.support.DefaultListableBeanFactory.resolveDependency(DefaultListableBeanFactory.java:1171) ~[spring-beans-5.1.9.RELEASE.jar:5.1.9.RELEASE]
	at org.springframework.beans.factory.support.ConstructorResolver.resolveAutowiredArgument(ConstructorResolver.java:857) ~[spring-beans-5.1.9.RELEASE.jar:5.1.9.RELEASE]
	at org.springframework.beans.factory.support.ConstructorResolver.createArgumentArray(ConstructorResolver.java:760) ~[spring-beans-5.1.9.RELEASE.jar:5.1.9.RELEASE]
	... 38 common frames omitted
Caused by: org.springframework.beans.BeanInstantiationException: Failed to instantiate [org.elasticsearch.client.transport.TransportClient]: Factory method 'elasticsearchClient' threw exception; nested exception is java.lang.NoClassDefFoundError: org/elasticsearch/transport/client/PreBuiltTransportClient
	at org.springframework.beans.factory.support.SimpleInstantiationStrategy.instantiate(SimpleInstantiationStrategy.java:185) ~[spring-beans-5.1.9.RELEASE.jar:5.1.9.RELEASE]
	at org.springframework.beans.factory.support.ConstructorResolver.instantiate(ConstructorResolver.java:622) ~[spring-beans-5.1.9.RELEASE.jar:5.1.9.RELEASE]
	... 52 common frames omitted
Caused by: java.lang.NoClassDefFoundError: org/elasticsearch/transport/client/PreBuiltTransportClient
	at org.springframework.data.elasticsearch.client.TransportClientFactoryBean.buildClient(TransportClientFactoryBean.java:85) ~[spring-data-elasticsearch-3.1.10.RELEASE.jar:3.1.10.RELEASE]
	at org.springframework.data.elasticsearch.client.TransportClientFactoryBean.afterPropertiesSet(TransportClientFactoryBean.java:80) ~[spring-data-elasticsearch-3.1.10.RELEASE.jar:3.1.10.RELEASE]
	at org.springframework.boot.autoconfigure.data.elasticsearch.ElasticsearchAutoConfiguration.elasticsearchClient(ElasticsearchAutoConfiguration.java:59) ~[spring-boot-autoconfigure-2.1.8.RELEASE.jar:2.1.8.RELEASE]
	at org.springframework.boot.autoconfigure.data.elasticsearch.ElasticsearchAutoConfiguration$$EnhancerBySpringCGLIB$$388956ce.CGLIB$elasticsearchClient$0(<generated>) ~[spring-boot-autoconfigure-2.1.8.RELEASE.jar:2.1.8.RELEASE]
	at org.springframework.boot.autoconfigure.data.elasticsearch.ElasticsearchAutoConfiguration$$EnhancerBySpringCGLIB$$388956ce$$FastClassBySpringCGLIB$$cf64d40f.invoke(<generated>) ~[spring-boot-autoconfigure-2.1.8.RELEASE.jar:2.1.8.RELEASE]
	at org.springframework.cglib.proxy.MethodProxy.invokeSuper(MethodProxy.java:244) ~[spring-core-5.1.9.RELEASE.jar:5.1.9.RELEASE]
	at org.springframework.context.annotation.ConfigurationClassEnhancer$BeanMethodInterceptor.intercept(ConfigurationClassEnhancer.java:363) ~[spring-context-5.1.9.RELEASE.jar:5.1.9.RELEASE]
	at org.springframework.boot.autoconfigure.data.elasticsearch.ElasticsearchAutoConfiguration$$EnhancerBySpringCGLIB$$388956ce.elasticsearchClient(<generated>) ~[spring-boot-autoconfigure-2.1.8.RELEASE.jar:2.1.8.RELEASE]
	at sun.reflect.NativeMethodAccessorImpl.invoke0(Native Method) ~[na:1.8.0_131]
	at sun.reflect.NativeMethodAccessorImpl.invoke(NativeMethodAccessorImpl.java:62) ~[na:1.8.0_131]
	at sun.reflect.DelegatingMethodAccessorImpl.invoke(DelegatingMethodAccessorImpl.java:43) ~[na:1.8.0_131]
	at java.lang.reflect.Method.invoke(Method.java:498) ~[na:1.8.0_131]
	at org.springframework.beans.factory.support.SimpleInstantiationStrategy.instantiate(SimpleInstantiationStrategy.java:154) ~[spring-beans-5.1.9.RELEASE.jar:5.1.9.RELEASE]
	... 53 common frames omitted
Caused by: java.lang.ClassNotFoundException: org.elasticsearch.transport.client.PreBuiltTransportClient
	at java.net.URLClassLoader.findClass(URLClassLoader.java:381) ~[na:1.8.0_131]
	at java.lang.ClassLoader.loadClass(ClassLoader.java:424) ~[na:1.8.0_131]
	at sun.misc.Launcher$AppClassLoader.loadClass(Launcher.java:335) ~[na:1.8.0_131]
	at java.lang.ClassLoader.loadClass(ClassLoader.java:357) ~[na:1.8.0_131]
	... 66 common frames omitted

2019-12-14 17:52:08.089  INFO 30972 --- [restartedMain] c.k.i.s.SpringElasticsearchApplication   : Starting SpringElasticsearchApplication on DESKTOP-DFNIM0F with PID 30972 (C:\Users\klaus\git\spring-2019\spring-digger\spring-elasticsearch\target\classes started by klaus in C:\Users\klaus\git\spring-2019)
2019-12-14 17:52:08.094  INFO 30972 --- [restartedMain] c.k.i.s.SpringElasticsearchApplication   : The following profiles are active: node1
2019-12-14 17:52:08.157  INFO 30972 --- [restartedMain] .e.DevToolsPropertyDefaultsPostProcessor : Devtools property defaults active! Set 'spring.devtools.add-properties' to 'false' to disable
2019-12-14 17:52:08.157  INFO 30972 --- [restartedMain] .e.DevToolsPropertyDefaultsPostProcessor : For additional web related logging consider setting the 'logging.level.web' property to 'DEBUG'
2019-12-14 17:52:09.153  INFO 30972 --- [restartedMain] .s.d.r.c.RepositoryConfigurationDelegate : Bootstrapping Spring Data repositories in DEFAULT mode.
2019-12-14 17:52:09.224  INFO 30972 --- [restartedMain] .s.d.r.c.RepositoryConfigurationDelegate : Finished Spring Data repository scanning in 66ms. Found 1 repository interfaces.
2019-12-14 17:52:09.761  INFO 30972 --- [restartedMain] o.s.b.w.embedded.tomcat.TomcatWebServer  : Tomcat initialized with port(s): 40001 (http)
2019-12-14 17:52:09.786  INFO 30972 --- [restartedMain] o.apache.catalina.core.StandardService   : Starting service [Tomcat]
2019-12-14 17:52:09.787  INFO 30972 --- [restartedMain] org.apache.catalina.core.StandardEngine  : Starting Servlet engine: [Apache Tomcat/9.0.24]
2019-12-14 17:52:09.935  INFO 30972 --- [restartedMain] o.a.c.c.C.[Tomcat].[localhost].[/]       : Initializing Spring embedded WebApplicationContext
2019-12-14 17:52:09.936  INFO 30972 --- [restartedMain] o.s.web.context.ContextLoader            : Root WebApplicationContext: initialization completed in 1779 ms
2019-12-14 17:52:10.837  INFO 30972 --- [restartedMain] o.elasticsearch.plugins.PluginsService   : no modules loaded
2019-12-14 17:52:10.839  INFO 30972 --- [restartedMain] o.elasticsearch.plugins.PluginsService   : loaded plugin [org.elasticsearch.index.reindex.ReindexPlugin]
2019-12-14 17:52:10.839  INFO 30972 --- [restartedMain] o.elasticsearch.plugins.PluginsService   : loaded plugin [org.elasticsearch.join.ParentJoinPlugin]
2019-12-14 17:52:10.839  INFO 30972 --- [restartedMain] o.elasticsearch.plugins.PluginsService   : loaded plugin [org.elasticsearch.percolator.PercolatorPlugin]
2019-12-14 17:52:10.839  INFO 30972 --- [restartedMain] o.elasticsearch.plugins.PluginsService   : loaded plugin [org.elasticsearch.script.mustache.MustachePlugin]
2019-12-14 17:52:10.839  INFO 30972 --- [restartedMain] o.elasticsearch.plugins.PluginsService   : loaded plugin [org.elasticsearch.transport.Netty4Plugin]
2019-12-14 17:52:13.176 DEBUG 30972 --- [restartedMain] o.e.c.t.TransportClientNodesService      : node_sampler_interval[5s]
2019-12-14 17:52:13.262  INFO 30972 --- [restartedMain] o.s.d.e.c.TransportClientFactoryBean     : Adding transport node : 192.168.43.235:9300
2019-12-14 17:52:13.262 DEBUG 30972 --- [restartedMain] o.e.c.t.TransportClientNodesService      : adding address [{#transport#-1}{mIsZjvR-Spig-6F9V0X3dA}{192.168.43.235}{192.168.43.235:9300}]
2019-12-14 17:52:15.015  INFO 30972 --- [restartedMain] o.s.b.d.a.OptionalLiveReloadServer       : LiveReload server is running on port 35729
2019-12-14 17:52:16.189  INFO 30972 --- [restartedMain] pertySourcedRequestMappingHandlerMapping : Mapped URL path [/v2/api-docs] onto method [public org.springframework.http.ResponseEntity<springfox.documentation.spring.web.json.Json> springfox.documentation.swagger2.web.Swagger2Controller.getDocumentation(java.lang.String,javax.servlet.http.HttpServletRequest)]
2019-12-14 17:52:16.321  INFO 30972 --- [restartedMain] o.s.s.concurrent.ThreadPoolTaskExecutor  : Initializing ExecutorService 'applicationTaskExecutor'
2019-12-14 17:52:16.471  INFO 30972 --- [restartedMain] d.s.w.p.DocumentationPluginsBootstrapper : Context refreshed
2019-12-14 17:52:16.490  INFO 30972 --- [restartedMain] d.s.w.p.DocumentationPluginsBootstrapper : Found 1 custom documentation plugin(s)
2019-12-14 17:52:16.528  INFO 30972 --- [restartedMain] s.d.s.w.s.ApiListingReferenceScanner     : Scanning for api listing references
2019-12-14 17:52:16.693  INFO 30972 --- [restartedMain] o.s.b.w.embedded.tomcat.TomcatWebServer  : Tomcat started on port(s): 40001 (http) with context path ''
2019-12-14 17:52:16.696  INFO 30972 --- [restartedMain] c.k.i.s.SpringElasticsearchApplication   : Started SpringElasticsearchApplication in 9.34 seconds (JVM running for 11.183)
2019-12-14 17:53:11.727  INFO 30972 --- [http-nio-40001-exec-1] o.a.c.c.C.[Tomcat].[localhost].[/]       : Initializing Spring DispatcherServlet 'dispatcherServlet'
2019-12-14 17:53:11.727  INFO 30972 --- [http-nio-40001-exec-1] o.s.web.servlet.DispatcherServlet        : Initializing Servlet 'dispatcherServlet'
2019-12-14 17:53:11.735  INFO 30972 --- [http-nio-40001-exec-1] o.s.web.servlet.DispatcherServlet        : Completed initialization in 8 ms
2019-12-14 17:54:29.598  INFO 24016 --- [restartedMain] c.k.i.s.SpringElasticsearchApplication   : Starting SpringElasticsearchApplication on DESKTOP-DFNIM0F with PID 24016 (C:\Users\klaus\git\spring-2019\spring-digger\spring-elasticsearch\target\classes started by klaus in C:\Users\klaus\git\spring-2019)
2019-12-14 17:54:29.602  INFO 24016 --- [restartedMain] c.k.i.s.SpringElasticsearchApplication   : The following profiles are active: node1
2019-12-14 17:54:29.662  INFO 24016 --- [restartedMain] .e.DevToolsPropertyDefaultsPostProcessor : Devtools property defaults active! Set 'spring.devtools.add-properties' to 'false' to disable
2019-12-14 17:54:29.662  INFO 24016 --- [restartedMain] .e.DevToolsPropertyDefaultsPostProcessor : For additional web related logging consider setting the 'logging.level.web' property to 'DEBUG'
2019-12-14 17:54:30.761  INFO 24016 --- [restartedMain] .s.d.r.c.RepositoryConfigurationDelegate : Bootstrapping Spring Data repositories in DEFAULT mode.
2019-12-14 17:54:30.829  INFO 24016 --- [restartedMain] .s.d.r.c.RepositoryConfigurationDelegate : Finished Spring Data repository scanning in 64ms. Found 1 repository interfaces.
2019-12-14 17:54:31.348  INFO 24016 --- [restartedMain] o.s.b.w.embedded.tomcat.TomcatWebServer  : Tomcat initialized with port(s): 40001 (http)
2019-12-14 17:54:31.369  INFO 24016 --- [restartedMain] o.apache.catalina.core.StandardService   : Starting service [Tomcat]
2019-12-14 17:54:31.370  INFO 24016 --- [restartedMain] org.apache.catalina.core.StandardEngine  : Starting Servlet engine: [Apache Tomcat/9.0.24]
2019-12-14 17:54:31.501  INFO 24016 --- [restartedMain] o.a.c.c.C.[Tomcat].[localhost].[/]       : Initializing Spring embedded WebApplicationContext
2019-12-14 17:54:31.502  INFO 24016 --- [restartedMain] o.s.web.context.ContextLoader            : Root WebApplicationContext: initialization completed in 1839 ms
2019-12-14 17:54:32.345  INFO 24016 --- [restartedMain] o.elasticsearch.plugins.PluginsService   : no modules loaded
2019-12-14 17:54:32.346  INFO 24016 --- [restartedMain] o.elasticsearch.plugins.PluginsService   : loaded plugin [org.elasticsearch.index.reindex.ReindexPlugin]
2019-12-14 17:54:32.346  INFO 24016 --- [restartedMain] o.elasticsearch.plugins.PluginsService   : loaded plugin [org.elasticsearch.join.ParentJoinPlugin]
2019-12-14 17:54:32.346  INFO 24016 --- [restartedMain] o.elasticsearch.plugins.PluginsService   : loaded plugin [org.elasticsearch.percolator.PercolatorPlugin]
2019-12-14 17:54:32.347  INFO 24016 --- [restartedMain] o.elasticsearch.plugins.PluginsService   : loaded plugin [org.elasticsearch.script.mustache.MustachePlugin]
2019-12-14 17:54:32.347  INFO 24016 --- [restartedMain] o.elasticsearch.plugins.PluginsService   : loaded plugin [org.elasticsearch.transport.Netty4Plugin]
2019-12-14 17:54:34.360 DEBUG 24016 --- [restartedMain] o.e.c.t.TransportClientNodesService      : node_sampler_interval[5s]
2019-12-14 17:54:34.435  INFO 24016 --- [restartedMain] o.s.d.e.c.TransportClientFactoryBean     : Adding transport node : 192.168.43.235:9300
2019-12-14 17:54:34.435 DEBUG 24016 --- [restartedMain] o.e.c.t.TransportClientNodesService      : adding address [{#transport#-1}{tfdymhh9SKKlpfwPQEcjyw}{192.168.43.235}{192.168.43.235:9300}]
2019-12-14 17:54:35.961  INFO 24016 --- [restartedMain] o.s.b.d.a.OptionalLiveReloadServer       : LiveReload server is running on port 35729
2019-12-14 17:54:37.109  INFO 24016 --- [restartedMain] pertySourcedRequestMappingHandlerMapping : Mapped URL path [/v2/api-docs] onto method [public org.springframework.http.ResponseEntity<springfox.documentation.spring.web.json.Json> springfox.documentation.swagger2.web.Swagger2Controller.getDocumentation(java.lang.String,javax.servlet.http.HttpServletRequest)]
2019-12-14 17:54:37.236  INFO 24016 --- [restartedMain] o.s.s.concurrent.ThreadPoolTaskExecutor  : Initializing ExecutorService 'applicationTaskExecutor'
2019-12-14 17:54:37.362  INFO 24016 --- [restartedMain] d.s.w.p.DocumentationPluginsBootstrapper : Context refreshed
2019-12-14 17:54:37.380  INFO 24016 --- [restartedMain] d.s.w.p.DocumentationPluginsBootstrapper : Found 1 custom documentation plugin(s)
2019-12-14 17:54:37.415  INFO 24016 --- [restartedMain] s.d.s.w.s.ApiListingReferenceScanner     : Scanning for api listing references
2019-12-14 17:54:37.591  INFO 24016 --- [restartedMain] o.s.b.w.embedded.tomcat.TomcatWebServer  : Tomcat started on port(s): 40001 (http) with context path ''
2019-12-14 17:54:37.593  INFO 24016 --- [restartedMain] c.k.i.s.SpringElasticsearchApplication   : Started SpringElasticsearchApplication in 8.727 seconds (JVM running for 10.432)
2019-12-14 17:55:54.556  INFO 24016 --- [http-nio-40001-exec-1] o.a.c.c.C.[Tomcat].[localhost].[/]       : Initializing Spring DispatcherServlet 'dispatcherServlet'
2019-12-14 17:55:54.557  INFO 24016 --- [http-nio-40001-exec-1] o.s.web.servlet.DispatcherServlet        : Initializing Servlet 'dispatcherServlet'
2019-12-14 17:55:54.567  INFO 24016 --- [http-nio-40001-exec-1] o.s.web.servlet.DispatcherServlet        : Completed initialization in 10 ms
2019-12-14 17:56:51.009  INFO 24112 --- [restartedMain] c.k.i.s.SpringElasticsearchApplication   : Starting SpringElasticsearchApplication on DESKTOP-DFNIM0F with PID 24112 (C:\Users\klaus\git\spring-2019\spring-digger\spring-elasticsearch\target\classes started by klaus in C:\Users\klaus\git\spring-2019)
2019-12-14 17:56:51.012  INFO 24112 --- [restartedMain] c.k.i.s.SpringElasticsearchApplication   : The following profiles are active: node1
2019-12-14 17:56:51.065  INFO 24112 --- [restartedMain] .e.DevToolsPropertyDefaultsPostProcessor : Devtools property defaults active! Set 'spring.devtools.add-properties' to 'false' to disable
2019-12-14 17:56:51.065  INFO 24112 --- [restartedMain] .e.DevToolsPropertyDefaultsPostProcessor : For additional web related logging consider setting the 'logging.level.web' property to 'DEBUG'
2019-12-14 17:56:52.077  INFO 24112 --- [restartedMain] .s.d.r.c.RepositoryConfigurationDelegate : Bootstrapping Spring Data repositories in DEFAULT mode.
2019-12-14 17:56:52.147  INFO 24112 --- [restartedMain] .s.d.r.c.RepositoryConfigurationDelegate : Finished Spring Data repository scanning in 65ms. Found 1 repository interfaces.
2019-12-14 17:56:52.685  INFO 24112 --- [restartedMain] o.s.b.w.embedded.tomcat.TomcatWebServer  : Tomcat initialized with port(s): 40001 (http)
2019-12-14 17:56:52.706  INFO 24112 --- [restartedMain] o.apache.catalina.core.StandardService   : Starting service [Tomcat]
2019-12-14 17:56:52.706  INFO 24112 --- [restartedMain] org.apache.catalina.core.StandardEngine  : Starting Servlet engine: [Apache Tomcat/9.0.24]
2019-12-14 17:56:52.961  INFO 24112 --- [restartedMain] o.a.c.c.C.[Tomcat].[localhost].[/]       : Initializing Spring embedded WebApplicationContext
2019-12-14 17:56:52.961  INFO 24112 --- [restartedMain] o.s.web.context.ContextLoader            : Root WebApplicationContext: initialization completed in 1896 ms
2019-12-14 17:56:53.838  INFO 24112 --- [restartedMain] o.elasticsearch.plugins.PluginsService   : no modules loaded
2019-12-14 17:56:53.839  INFO 24112 --- [restartedMain] o.elasticsearch.plugins.PluginsService   : loaded plugin [org.elasticsearch.index.reindex.ReindexPlugin]
2019-12-14 17:56:53.839  INFO 24112 --- [restartedMain] o.elasticsearch.plugins.PluginsService   : loaded plugin [org.elasticsearch.join.ParentJoinPlugin]
2019-12-14 17:56:53.839  INFO 24112 --- [restartedMain] o.elasticsearch.plugins.PluginsService   : loaded plugin [org.elasticsearch.percolator.PercolatorPlugin]
2019-12-14 17:56:53.839  INFO 24112 --- [restartedMain] o.elasticsearch.plugins.PluginsService   : loaded plugin [org.elasticsearch.script.mustache.MustachePlugin]
2019-12-14 17:56:53.840  INFO 24112 --- [restartedMain] o.elasticsearch.plugins.PluginsService   : loaded plugin [org.elasticsearch.transport.Netty4Plugin]
2019-12-14 17:57:16.224  INFO 18808 --- [restartedMain] c.k.i.s.SpringElasticsearchApplication   : Starting SpringElasticsearchApplication on DESKTOP-DFNIM0F with PID 18808 (C:\Users\klaus\git\spring-2019\spring-digger\spring-elasticsearch\target\classes started by klaus in C:\Users\klaus\git\spring-2019)
2019-12-14 17:57:16.228  INFO 18808 --- [restartedMain] c.k.i.s.SpringElasticsearchApplication   : The following profiles are active: node1
2019-12-14 17:57:16.291  INFO 18808 --- [restartedMain] .e.DevToolsPropertyDefaultsPostProcessor : Devtools property defaults active! Set 'spring.devtools.add-properties' to 'false' to disable
2019-12-14 17:57:16.291  INFO 18808 --- [restartedMain] .e.DevToolsPropertyDefaultsPostProcessor : For additional web related logging consider setting the 'logging.level.web' property to 'DEBUG'
2019-12-14 17:57:17.335  INFO 18808 --- [restartedMain] .s.d.r.c.RepositoryConfigurationDelegate : Bootstrapping Spring Data repositories in DEFAULT mode.
2019-12-14 17:57:17.400  INFO 18808 --- [restartedMain] .s.d.r.c.RepositoryConfigurationDelegate : Finished Spring Data repository scanning in 61ms. Found 1 repository interfaces.
2019-12-14 17:57:17.957  INFO 18808 --- [restartedMain] o.s.b.w.embedded.tomcat.TomcatWebServer  : Tomcat initialized with port(s): 40001 (http)
2019-12-14 17:57:17.976  INFO 18808 --- [restartedMain] o.apache.catalina.core.StandardService   : Starting service [Tomcat]
2019-12-14 17:57:17.977  INFO 18808 --- [restartedMain] org.apache.catalina.core.StandardEngine  : Starting Servlet engine: [Apache Tomcat/9.0.24]
2019-12-14 17:57:18.108  INFO 18808 --- [restartedMain] o.a.c.c.C.[Tomcat].[localhost].[/]       : Initializing Spring embedded WebApplicationContext
2019-12-14 17:57:18.109  INFO 18808 --- [restartedMain] o.s.web.context.ContextLoader            : Root WebApplicationContext: initialization completed in 1818 ms
2019-12-14 17:57:19.050  INFO 18808 --- [restartedMain] o.elasticsearch.plugins.PluginsService   : no modules loaded
2019-12-14 17:57:19.051  INFO 18808 --- [restartedMain] o.elasticsearch.plugins.PluginsService   : loaded plugin [org.elasticsearch.index.reindex.ReindexPlugin]
2019-12-14 17:57:19.051  INFO 18808 --- [restartedMain] o.elasticsearch.plugins.PluginsService   : loaded plugin [org.elasticsearch.join.ParentJoinPlugin]
2019-12-14 17:57:19.051  INFO 18808 --- [restartedMain] o.elasticsearch.plugins.PluginsService   : loaded plugin [org.elasticsearch.percolator.PercolatorPlugin]
2019-12-14 17:57:19.051  INFO 18808 --- [restartedMain] o.elasticsearch.plugins.PluginsService   : loaded plugin [org.elasticsearch.script.mustache.MustachePlugin]
2019-12-14 17:57:19.052  INFO 18808 --- [restartedMain] o.elasticsearch.plugins.PluginsService   : loaded plugin [org.elasticsearch.transport.Netty4Plugin]
2019-12-14 17:57:21.248 DEBUG 18808 --- [restartedMain] o.e.c.t.TransportClientNodesService      : node_sampler_interval[5s]
2019-12-14 17:57:21.322  INFO 18808 --- [restartedMain] o.s.d.e.c.TransportClientFactoryBean     : Adding transport node : 192.168.43.235:9300
2019-12-14 17:57:21.322 DEBUG 18808 --- [restartedMain] o.e.c.t.TransportClientNodesService      : adding address [{#transport#-1}{MJMh14OERRqrRwZ7l6Ts1w}{192.168.43.235}{192.168.43.235:9300}]
2019-12-14 17:57:22.882  INFO 18808 --- [restartedMain] o.s.b.d.a.OptionalLiveReloadServer       : LiveReload server is running on port 35729
2019-12-14 17:57:24.038  INFO 18808 --- [restartedMain] pertySourcedRequestMappingHandlerMapping : Mapped URL path [/v2/api-docs] onto method [public org.springframework.http.ResponseEntity<springfox.documentation.spring.web.json.Json> springfox.documentation.swagger2.web.Swagger2Controller.getDocumentation(java.lang.String,javax.servlet.http.HttpServletRequest)]
2019-12-14 17:57:24.162  INFO 18808 --- [restartedMain] o.s.s.concurrent.ThreadPoolTaskExecutor  : Initializing ExecutorService 'applicationTaskExecutor'
2019-12-14 17:57:24.288  INFO 18808 --- [restartedMain] d.s.w.p.DocumentationPluginsBootstrapper : Context refreshed
2019-12-14 17:57:24.306  INFO 18808 --- [restartedMain] d.s.w.p.DocumentationPluginsBootstrapper : Found 1 custom documentation plugin(s)
2019-12-14 17:57:24.342  INFO 18808 --- [restartedMain] s.d.s.w.s.ApiListingReferenceScanner     : Scanning for api listing references
2019-12-14 17:57:24.506  INFO 18808 --- [restartedMain] o.s.b.w.embedded.tomcat.TomcatWebServer  : Tomcat started on port(s): 40001 (http) with context path ''
2019-12-14 17:57:24.509  INFO 18808 --- [restartedMain] c.k.i.s.SpringElasticsearchApplication   : Started SpringElasticsearchApplication in 8.982 seconds (JVM running for 10.69)
2019-12-14 17:58:57.738  INFO 18808 --- [http-nio-40001-exec-1] o.a.c.c.C.[Tomcat].[localhost].[/]       : Initializing Spring DispatcherServlet 'dispatcherServlet'
2019-12-14 17:58:57.738  INFO 18808 --- [http-nio-40001-exec-1] o.s.web.servlet.DispatcherServlet        : Initializing Servlet 'dispatcherServlet'
2019-12-14 17:58:57.745  INFO 18808 --- [http-nio-40001-exec-1] o.s.web.servlet.DispatcherServlet        : Completed initialization in 7 ms
2019-12-14 17:59:07.774  INFO 18808 --- [http-nio-40001-exec-9] c.k.i.s.controller.IndexController       : className is :SchoolPo
2019-12-14 17:59:41.111  INFO 7316 --- [restartedMain] c.k.i.s.SpringElasticsearchApplication   : Starting SpringElasticsearchApplication on DESKTOP-DFNIM0F with PID 7316 (C:\Users\klaus\git\spring-2019\spring-digger\spring-elasticsearch\target\classes started by klaus in C:\Users\klaus\git\spring-2019)
2019-12-14 17:59:41.116  INFO 7316 --- [restartedMain] c.k.i.s.SpringElasticsearchApplication   : The following profiles are active: node1
2019-12-14 17:59:41.182  INFO 7316 --- [restartedMain] .e.DevToolsPropertyDefaultsPostProcessor : Devtools property defaults active! Set 'spring.devtools.add-properties' to 'false' to disable
2019-12-14 17:59:41.182  INFO 7316 --- [restartedMain] .e.DevToolsPropertyDefaultsPostProcessor : For additional web related logging consider setting the 'logging.level.web' property to 'DEBUG'
2019-12-14 17:59:42.238  INFO 7316 --- [restartedMain] .s.d.r.c.RepositoryConfigurationDelegate : Bootstrapping Spring Data repositories in DEFAULT mode.
2019-12-14 17:59:42.305  INFO 7316 --- [restartedMain] .s.d.r.c.RepositoryConfigurationDelegate : Finished Spring Data repository scanning in 63ms. Found 1 repository interfaces.
2019-12-14 17:59:42.856  INFO 7316 --- [restartedMain] o.s.b.w.embedded.tomcat.TomcatWebServer  : Tomcat initialized with port(s): 40001 (http)
2019-12-14 17:59:42.877  INFO 7316 --- [restartedMain] o.apache.catalina.core.StandardService   : Starting service [Tomcat]
2019-12-14 17:59:42.878  INFO 7316 --- [restartedMain] org.apache.catalina.core.StandardEngine  : Starting Servlet engine: [Apache Tomcat/9.0.24]
2019-12-14 17:59:43.006  INFO 7316 --- [restartedMain] o.a.c.c.C.[Tomcat].[localhost].[/]       : Initializing Spring embedded WebApplicationContext
2019-12-14 17:59:43.007  INFO 7316 --- [restartedMain] o.s.web.context.ContextLoader            : Root WebApplicationContext: initialization completed in 1825 ms
2019-12-14 17:59:43.852  INFO 7316 --- [restartedMain] o.elasticsearch.plugins.PluginsService   : no modules loaded
2019-12-14 17:59:43.853  INFO 7316 --- [restartedMain] o.elasticsearch.plugins.PluginsService   : loaded plugin [org.elasticsearch.index.reindex.ReindexPlugin]
2019-12-14 17:59:43.853  INFO 7316 --- [restartedMain] o.elasticsearch.plugins.PluginsService   : loaded plugin [org.elasticsearch.join.ParentJoinPlugin]
2019-12-14 17:59:43.853  INFO 7316 --- [restartedMain] o.elasticsearch.plugins.PluginsService   : loaded plugin [org.elasticsearch.percolator.PercolatorPlugin]
2019-12-14 17:59:43.853  INFO 7316 --- [restartedMain] o.elasticsearch.plugins.PluginsService   : loaded plugin [org.elasticsearch.script.mustache.MustachePlugin]
2019-12-14 17:59:43.853  INFO 7316 --- [restartedMain] o.elasticsearch.plugins.PluginsService   : loaded plugin [org.elasticsearch.transport.Netty4Plugin]
2019-12-14 17:59:45.914 DEBUG 7316 --- [restartedMain] o.e.c.t.TransportClientNodesService      : node_sampler_interval[5s]
2019-12-14 17:59:45.986  INFO 7316 --- [restartedMain] o.s.d.e.c.TransportClientFactoryBean     : Adding transport node : 192.168.43.235:9300
2019-12-14 17:59:45.986 DEBUG 7316 --- [restartedMain] o.e.c.t.TransportClientNodesService      : adding address [{#transport#-1}{W5HYJ-bsSSuM_QaPEJ_2SA}{192.168.43.235}{192.168.43.235:9300}]
2019-12-14 17:59:47.576  INFO 7316 --- [restartedMain] o.s.b.d.a.OptionalLiveReloadServer       : LiveReload server is running on port 35729
2019-12-14 17:59:48.801  INFO 7316 --- [restartedMain] pertySourcedRequestMappingHandlerMapping : Mapped URL path [/v2/api-docs] onto method [public org.springframework.http.ResponseEntity<springfox.documentation.spring.web.json.Json> springfox.documentation.swagger2.web.Swagger2Controller.getDocumentation(java.lang.String,javax.servlet.http.HttpServletRequest)]
2019-12-14 17:59:48.927  INFO 7316 --- [restartedMain] o.s.s.concurrent.ThreadPoolTaskExecutor  : Initializing ExecutorService 'applicationTaskExecutor'
2019-12-14 17:59:49.062  INFO 7316 --- [restartedMain] d.s.w.p.DocumentationPluginsBootstrapper : Context refreshed
2019-12-14 17:59:49.082  INFO 7316 --- [restartedMain] d.s.w.p.DocumentationPluginsBootstrapper : Found 1 custom documentation plugin(s)
2019-12-14 17:59:49.121  INFO 7316 --- [restartedMain] s.d.s.w.s.ApiListingReferenceScanner     : Scanning for api listing references
2019-12-14 17:59:49.293  INFO 7316 --- [restartedMain] o.s.b.w.embedded.tomcat.TomcatWebServer  : Tomcat started on port(s): 40001 (http) with context path ''
2019-12-14 17:59:49.295  INFO 7316 --- [restartedMain] c.k.i.s.SpringElasticsearchApplication   : Started SpringElasticsearchApplication in 8.883 seconds (JVM running for 10.552)
2019-12-14 17:59:54.525  INFO 7316 --- [http-nio-40001-exec-1] o.a.c.c.C.[Tomcat].[localhost].[/]       : Initializing Spring DispatcherServlet 'dispatcherServlet'
2019-12-14 17:59:54.526  INFO 7316 --- [http-nio-40001-exec-1] o.s.web.servlet.DispatcherServlet        : Initializing Servlet 'dispatcherServlet'
2019-12-14 17:59:54.535  INFO 7316 --- [http-nio-40001-exec-1] o.s.web.servlet.DispatcherServlet        : Completed initialization in 9 ms
2019-12-14 17:59:54.752  INFO 7316 --- [http-nio-40001-exec-1] c.k.i.s.controller.IndexController       : className is :com.klaus.interview.springelasticsearch.model.SchoolPo
2019-12-14 18:11:19.493  INFO 29176 --- [restartedMain] c.k.i.s.SpringElasticsearchApplication   : Starting SpringElasticsearchApplication on DESKTOP-DFNIM0F with PID 29176 (C:\Users\klaus\git\spring-2019\spring-digger\spring-elasticsearch\target\classes started by klaus in C:\Users\klaus\git\spring-2019)
2019-12-14 18:11:19.500  INFO 29176 --- [restartedMain] c.k.i.s.SpringElasticsearchApplication   : The following profiles are active: node1
2019-12-14 18:11:19.627  INFO 29176 --- [restartedMain] .e.DevToolsPropertyDefaultsPostProcessor : Devtools property defaults active! Set 'spring.devtools.add-properties' to 'false' to disable
2019-12-14 18:11:19.628  INFO 29176 --- [restartedMain] .e.DevToolsPropertyDefaultsPostProcessor : For additional web related logging consider setting the 'logging.level.web' property to 'DEBUG'
2019-12-14 18:11:20.715  INFO 29176 --- [restartedMain] .s.d.r.c.RepositoryConfigurationDelegate : Bootstrapping Spring Data repositories in DEFAULT mode.
2019-12-14 18:11:20.794  INFO 29176 --- [restartedMain] .s.d.r.c.RepositoryConfigurationDelegate : Finished Spring Data repository scanning in 73ms. Found 1 repository interfaces.
2019-12-14 18:11:21.442  INFO 29176 --- [restartedMain] o.s.b.w.embedded.tomcat.TomcatWebServer  : Tomcat initialized with port(s): 40001 (http)
2019-12-14 18:11:21.479  INFO 29176 --- [restartedMain] o.apache.catalina.core.StandardService   : Starting service [Tomcat]
2019-12-14 18:11:21.480  INFO 29176 --- [restartedMain] org.apache.catalina.core.StandardEngine  : Starting Servlet engine: [Apache Tomcat/9.0.24]
2019-12-14 18:11:21.618  INFO 29176 --- [restartedMain] o.a.c.c.C.[Tomcat].[localhost].[/]       : Initializing Spring embedded WebApplicationContext
2019-12-14 18:11:21.618  INFO 29176 --- [restartedMain] o.s.web.context.ContextLoader            : Root WebApplicationContext: initialization completed in 1990 ms
2019-12-14 18:11:22.531  INFO 29176 --- [restartedMain] o.elasticsearch.plugins.PluginsService   : no modules loaded
2019-12-14 18:11:22.533  INFO 29176 --- [restartedMain] o.elasticsearch.plugins.PluginsService   : loaded plugin [org.elasticsearch.index.reindex.ReindexPlugin]
2019-12-14 18:11:22.533  INFO 29176 --- [restartedMain] o.elasticsearch.plugins.PluginsService   : loaded plugin [org.elasticsearch.join.ParentJoinPlugin]
2019-12-14 18:11:22.533  INFO 29176 --- [restartedMain] o.elasticsearch.plugins.PluginsService   : loaded plugin [org.elasticsearch.percolator.PercolatorPlugin]
2019-12-14 18:11:22.533  INFO 29176 --- [restartedMain] o.elasticsearch.plugins.PluginsService   : loaded plugin [org.elasticsearch.script.mustache.MustachePlugin]
2019-12-14 18:11:22.534  INFO 29176 --- [restartedMain] o.elasticsearch.plugins.PluginsService   : loaded plugin [org.elasticsearch.transport.Netty4Plugin]
2019-12-14 18:11:24.686 DEBUG 29176 --- [restartedMain] o.e.c.t.TransportClientNodesService      : node_sampler_interval[5s]
2019-12-14 18:11:24.787  INFO 29176 --- [restartedMain] o.s.d.e.c.TransportClientFactoryBean     : Adding transport node : 192.168.43.235:9300
2019-12-14 18:11:24.787 DEBUG 29176 --- [restartedMain] o.e.c.t.TransportClientNodesService      : adding address [{#transport#-1}{bxVU6L3jQ8-zGUs-H_U3dw}{192.168.43.235}{192.168.43.235:9300}]
2019-12-14 18:11:26.339  INFO 29176 --- [restartedMain] o.s.b.d.a.OptionalLiveReloadServer       : LiveReload server is running on port 35729
2019-12-14 18:11:27.632  INFO 29176 --- [restartedMain] pertySourcedRequestMappingHandlerMapping : Mapped URL path [/v2/api-docs] onto method [public org.springframework.http.ResponseEntity<springfox.documentation.spring.web.json.Json> springfox.documentation.swagger2.web.Swagger2Controller.getDocumentation(java.lang.String,javax.servlet.http.HttpServletRequest)]
2019-12-14 18:11:27.786  INFO 29176 --- [restartedMain] o.s.s.concurrent.ThreadPoolTaskExecutor  : Initializing ExecutorService 'applicationTaskExecutor'
2019-12-14 18:11:27.937  INFO 29176 --- [restartedMain] d.s.w.p.DocumentationPluginsBootstrapper : Context refreshed
2019-12-14 18:11:27.958  INFO 29176 --- [restartedMain] d.s.w.p.DocumentationPluginsBootstrapper : Found 1 custom documentation plugin(s)
2019-12-14 18:11:28.020  INFO 29176 --- [restartedMain] s.d.s.w.s.ApiListingReferenceScanner     : Scanning for api listing references
2019-12-14 18:11:28.202  INFO 29176 --- [restartedMain] o.s.b.w.embedded.tomcat.TomcatWebServer  : Tomcat started on port(s): 40001 (http) with context path ''
2019-12-14 18:11:28.204  INFO 29176 --- [restartedMain] c.k.i.s.SpringElasticsearchApplication   : Started SpringElasticsearchApplication in 9.525 seconds (JVM running for 11.674)
2019-12-14 18:11:54.497  INFO 29176 --- [http-nio-40001-exec-1] o.a.c.c.C.[Tomcat].[localhost].[/]       : Initializing Spring DispatcherServlet 'dispatcherServlet'
2019-12-14 18:11:54.497  INFO 29176 --- [http-nio-40001-exec-1] o.s.web.servlet.DispatcherServlet        : Initializing Servlet 'dispatcherServlet'
2019-12-14 18:11:54.507  INFO 29176 --- [http-nio-40001-exec-1] o.s.web.servlet.DispatcherServlet        : Completed initialization in 9 ms
2019-12-14 18:12:15.632  INFO 29176 --- [http-nio-40001-exec-1] c.k.i.s.controller.IndexController       : className is :com.klaus.interview.springelasticsearch.model.SchoolPo
2019-12-14 18:12:22.666  INFO 22680 --- [restartedMain] c.k.i.s.SpringElasticsearchApplication   : Starting SpringElasticsearchApplication on DESKTOP-DFNIM0F with PID 22680 (C:\Users\klaus\git\spring-2019\spring-digger\spring-elasticsearch\target\classes started by klaus in C:\Users\klaus\git\spring-2019)
2019-12-14 18:12:22.671  INFO 22680 --- [restartedMain] c.k.i.s.SpringElasticsearchApplication   : The following profiles are active: node1
2019-12-14 18:12:22.783  INFO 22680 --- [restartedMain] .e.DevToolsPropertyDefaultsPostProcessor : Devtools property defaults active! Set 'spring.devtools.add-properties' to 'false' to disable
2019-12-14 18:12:22.784  INFO 22680 --- [restartedMain] .e.DevToolsPropertyDefaultsPostProcessor : For additional web related logging consider setting the 'logging.level.web' property to 'DEBUG'
2019-12-14 18:12:23.935  INFO 22680 --- [restartedMain] .s.d.r.c.RepositoryConfigurationDelegate : Bootstrapping Spring Data repositories in DEFAULT mode.
2019-12-14 18:12:24.032  INFO 22680 --- [restartedMain] .s.d.r.c.RepositoryConfigurationDelegate : Finished Spring Data repository scanning in 91ms. Found 1 repository interfaces.
2019-12-14 18:12:24.691  INFO 22680 --- [restartedMain] o.s.b.w.embedded.tomcat.TomcatWebServer  : Tomcat initialized with port(s): 40001 (http)
2019-12-14 18:12:24.718  INFO 22680 --- [restartedMain] o.apache.catalina.core.StandardService   : Starting service [Tomcat]
2019-12-14 18:12:24.719  INFO 22680 --- [restartedMain] org.apache.catalina.core.StandardEngine  : Starting Servlet engine: [Apache Tomcat/9.0.24]
2019-12-14 18:12:24.884  INFO 22680 --- [restartedMain] o.a.c.c.C.[Tomcat].[localhost].[/]       : Initializing Spring embedded WebApplicationContext
2019-12-14 18:12:24.884  INFO 22680 --- [restartedMain] o.s.web.context.ContextLoader            : Root WebApplicationContext: initialization completed in 2100 ms
2019-12-14 18:12:25.828  INFO 22680 --- [restartedMain] o.elasticsearch.plugins.PluginsService   : no modules loaded
2019-12-14 18:12:25.830  INFO 22680 --- [restartedMain] o.elasticsearch.plugins.PluginsService   : loaded plugin [org.elasticsearch.index.reindex.ReindexPlugin]
2019-12-14 18:12:25.830  INFO 22680 --- [restartedMain] o.elasticsearch.plugins.PluginsService   : loaded plugin [org.elasticsearch.join.ParentJoinPlugin]
2019-12-14 18:12:25.830  INFO 22680 --- [restartedMain] o.elasticsearch.plugins.PluginsService   : loaded plugin [org.elasticsearch.percolator.PercolatorPlugin]
2019-12-14 18:12:25.830  INFO 22680 --- [restartedMain] o.elasticsearch.plugins.PluginsService   : loaded plugin [org.elasticsearch.script.mustache.MustachePlugin]
2019-12-14 18:12:25.830  INFO 22680 --- [restartedMain] o.elasticsearch.plugins.PluginsService   : loaded plugin [org.elasticsearch.transport.Netty4Plugin]
2019-12-14 18:12:28.151 DEBUG 22680 --- [restartedMain] o.e.c.t.TransportClientNodesService      : node_sampler_interval[5s]
2019-12-14 18:12:28.240  INFO 22680 --- [restartedMain] o.s.d.e.c.TransportClientFactoryBean     : Adding transport node : 192.168.43.235:9300
2019-12-14 18:12:28.241 DEBUG 22680 --- [restartedMain] o.e.c.t.TransportClientNodesService      : adding address [{#transport#-1}{XEv60SggTMWefwHOvYxHpw}{192.168.43.235}{192.168.43.235:9300}]
2019-12-14 18:12:29.860  INFO 22680 --- [restartedMain] o.s.b.d.a.OptionalLiveReloadServer       : LiveReload server is running on port 35729
2019-12-14 18:12:31.184  INFO 22680 --- [restartedMain] pertySourcedRequestMappingHandlerMapping : Mapped URL path [/v2/api-docs] onto method [public org.springframework.http.ResponseEntity<springfox.documentation.spring.web.json.Json> springfox.documentation.swagger2.web.Swagger2Controller.getDocumentation(java.lang.String,javax.servlet.http.HttpServletRequest)]
2019-12-14 18:12:31.345  INFO 22680 --- [restartedMain] o.s.s.concurrent.ThreadPoolTaskExecutor  : Initializing ExecutorService 'applicationTaskExecutor'
2019-12-14 18:12:31.498  INFO 22680 --- [restartedMain] d.s.w.p.DocumentationPluginsBootstrapper : Context refreshed
2019-12-14 18:12:31.523  INFO 22680 --- [restartedMain] d.s.w.p.DocumentationPluginsBootstrapper : Found 1 custom documentation plugin(s)
2019-12-14 18:12:31.569  INFO 22680 --- [restartedMain] s.d.s.w.s.ApiListingReferenceScanner     : Scanning for api listing references
2019-12-14 18:12:31.793  INFO 22680 --- [restartedMain] o.s.b.w.embedded.tomcat.TomcatWebServer  : Tomcat started on port(s): 40001 (http) with context path ''
2019-12-14 18:12:31.796  INFO 22680 --- [restartedMain] c.k.i.s.SpringElasticsearchApplication   : Started SpringElasticsearchApplication in 10.031 seconds (JVM running for 12.076)
2019-12-14 18:12:36.285  INFO 22680 --- [http-nio-40001-exec-1] o.a.c.c.C.[Tomcat].[localhost].[/]       : Initializing Spring DispatcherServlet 'dispatcherServlet'
2019-12-14 18:12:36.285  INFO 22680 --- [http-nio-40001-exec-1] o.s.web.servlet.DispatcherServlet        : Initializing Servlet 'dispatcherServlet'
2019-12-14 18:12:36.293  INFO 22680 --- [http-nio-40001-exec-1] o.s.web.servlet.DispatcherServlet        : Completed initialization in 7 ms
2019-12-14 18:12:36.332  INFO 22680 --- [http-nio-40001-exec-1] c.k.i.s.controller.IndexController       : className is :com.klaus.interview.springelasticsearch.model.SchoolPo
2019-12-14 18:13:55.295  INFO 28352 --- [restartedMain] c.k.i.s.SpringElasticsearchApplication   : Starting SpringElasticsearchApplication on DESKTOP-DFNIM0F with PID 28352 (C:\Users\klaus\git\spring-2019\spring-digger\spring-elasticsearch\target\classes started by klaus in C:\Users\klaus\git\spring-2019)
2019-12-14 18:13:55.300  INFO 28352 --- [restartedMain] c.k.i.s.SpringElasticsearchApplication   : The following profiles are active: node1
2019-12-14 18:13:55.402  INFO 28352 --- [restartedMain] .e.DevToolsPropertyDefaultsPostProcessor : Devtools property defaults active! Set 'spring.devtools.add-properties' to 'false' to disable
2019-12-14 18:13:55.402  INFO 28352 --- [restartedMain] .e.DevToolsPropertyDefaultsPostProcessor : For additional web related logging consider setting the 'logging.level.web' property to 'DEBUG'
2019-12-14 18:13:56.486  INFO 28352 --- [restartedMain] .s.d.r.c.RepositoryConfigurationDelegate : Bootstrapping Spring Data repositories in DEFAULT mode.
2019-12-14 18:13:56.577  INFO 28352 --- [restartedMain] .s.d.r.c.RepositoryConfigurationDelegate : Finished Spring Data repository scanning in 86ms. Found 1 repository interfaces.
2019-12-14 18:13:57.206  INFO 28352 --- [restartedMain] o.s.b.w.embedded.tomcat.TomcatWebServer  : Tomcat initialized with port(s): 40001 (http)
2019-12-14 18:13:57.230  INFO 28352 --- [restartedMain] o.apache.catalina.core.StandardService   : Starting service [Tomcat]
2019-12-14 18:13:57.230  INFO 28352 --- [restartedMain] org.apache.catalina.core.StandardEngine  : Starting Servlet engine: [Apache Tomcat/9.0.24]
2019-12-14 18:13:57.374  INFO 28352 --- [restartedMain] o.a.c.c.C.[Tomcat].[localhost].[/]       : Initializing Spring embedded WebApplicationContext
2019-12-14 18:13:57.374  INFO 28352 --- [restartedMain] o.s.web.context.ContextLoader            : Root WebApplicationContext: initialization completed in 1971 ms
2019-12-14 18:13:58.282  INFO 28352 --- [restartedMain] o.elasticsearch.plugins.PluginsService   : no modules loaded
2019-12-14 18:13:58.283  INFO 28352 --- [restartedMain] o.elasticsearch.plugins.PluginsService   : loaded plugin [org.elasticsearch.index.reindex.ReindexPlugin]
2019-12-14 18:13:58.283  INFO 28352 --- [restartedMain] o.elasticsearch.plugins.PluginsService   : loaded plugin [org.elasticsearch.join.ParentJoinPlugin]
2019-12-14 18:13:58.284  INFO 28352 --- [restartedMain] o.elasticsearch.plugins.PluginsService   : loaded plugin [org.elasticsearch.percolator.PercolatorPlugin]
2019-12-14 18:13:58.284  INFO 28352 --- [restartedMain] o.elasticsearch.plugins.PluginsService   : loaded plugin [org.elasticsearch.script.mustache.MustachePlugin]
2019-12-14 18:13:58.284  INFO 28352 --- [restartedMain] o.elasticsearch.plugins.PluginsService   : loaded plugin [org.elasticsearch.transport.Netty4Plugin]
2019-12-14 18:14:00.537 DEBUG 28352 --- [restartedMain] o.e.c.t.TransportClientNodesService      : node_sampler_interval[5s]
2019-12-14 18:14:00.637  INFO 28352 --- [restartedMain] o.s.d.e.c.TransportClientFactoryBean     : Adding transport node : 192.168.43.235:9300
2019-12-14 18:14:00.637 DEBUG 28352 --- [restartedMain] o.e.c.t.TransportClientNodesService      : adding address [{#transport#-1}{i3KgVfMORQWt0hveRjgEVg}{192.168.43.235}{192.168.43.235:9300}]
2019-12-14 18:14:02.279  INFO 28352 --- [restartedMain] o.s.b.d.a.OptionalLiveReloadServer       : LiveReload server is running on port 35729
2019-12-14 18:14:03.556  INFO 28352 --- [restartedMain] pertySourcedRequestMappingHandlerMapping : Mapped URL path [/v2/api-docs] onto method [public org.springframework.http.ResponseEntity<springfox.documentation.spring.web.json.Json> springfox.documentation.swagger2.web.Swagger2Controller.getDocumentation(java.lang.String,javax.servlet.http.HttpServletRequest)]
2019-12-14 18:14:03.715  INFO 28352 --- [restartedMain] o.s.s.concurrent.ThreadPoolTaskExecutor  : Initializing ExecutorService 'applicationTaskExecutor'
2019-12-14 18:14:03.867  INFO 28352 --- [restartedMain] d.s.w.p.DocumentationPluginsBootstrapper : Context refreshed
2019-12-14 18:14:03.889  INFO 28352 --- [restartedMain] d.s.w.p.DocumentationPluginsBootstrapper : Found 1 custom documentation plugin(s)
2019-12-14 18:14:03.931  INFO 28352 --- [restartedMain] s.d.s.w.s.ApiListingReferenceScanner     : Scanning for api listing references
2019-12-14 18:14:04.144  INFO 28352 --- [restartedMain] o.s.b.w.embedded.tomcat.TomcatWebServer  : Tomcat started on port(s): 40001 (http) with context path ''
2019-12-14 18:14:04.147  INFO 28352 --- [restartedMain] c.k.i.s.SpringElasticsearchApplication   : Started SpringElasticsearchApplication in 9.718 seconds (JVM running for 11.747)
2019-12-14 18:14:40.558  INFO 28352 --- [http-nio-40001-exec-1] o.a.c.c.C.[Tomcat].[localhost].[/]       : Initializing Spring DispatcherServlet 'dispatcherServlet'
2019-12-14 18:14:40.558  INFO 28352 --- [http-nio-40001-exec-1] o.s.web.servlet.DispatcherServlet        : Initializing Servlet 'dispatcherServlet'
2019-12-14 18:14:40.566  INFO 28352 --- [http-nio-40001-exec-1] o.s.web.servlet.DispatcherServlet        : Completed initialization in 7 ms
2019-12-14 18:14:40.602  INFO 28352 --- [http-nio-40001-exec-1] c.k.i.s.controller.IndexController       : className is :com.klaus.interview.springelasticsearch.model.SchoolPo
2019-12-14 18:14:40.602  INFO 28352 --- [http-nio-40001-exec-1] c.k.i.s.controller.IndexController       : className === :class com.klaus.interview.springelasticsearch.model.SchoolPo
2019-12-14 18:14:40.857 ERROR 28352 --- [http-nio-40001-exec-1] o.a.c.c.C.[.[.[/].[dispatcherServlet]    : Servlet.service() for servlet [dispatcherServlet] in context with path [] threw exception [Request processing failed; nested exception is java.lang.IllegalArgumentException: mapper [id] of different type, current_type [long], merged_type [keyword]] with root cause

java.lang.IllegalArgumentException: mapper [id] of different type, current_type [long], merged_type [keyword]
	at org.elasticsearch.index.mapper.FieldMapper.doMerge(FieldMapper.java:352) ~[elasticsearch-6.4.3.jar:6.4.3]
	at org.elasticsearch.index.mapper.NumberFieldMapper.doMerge(NumberFieldMapper.java:1093) ~[elasticsearch-6.4.3.jar:6.4.3]
	at org.elasticsearch.index.mapper.FieldMapper.merge(FieldMapper.java:338) ~[elasticsearch-6.4.3.jar:6.4.3]
	at org.elasticsearch.index.mapper.FieldMapper.merge(FieldMapper.java:52) ~[elasticsearch-6.4.3.jar:6.4.3]
	at org.elasticsearch.index.mapper.ObjectMapper.doMerge(ObjectMapper.java:484) ~[elasticsearch-6.4.3.jar:6.4.3]
	at org.elasticsearch.index.mapper.RootObjectMapper.doMerge(RootObjectMapper.java:277) ~[elasticsearch-6.4.3.jar:6.4.3]
	at org.elasticsearch.index.mapper.ObjectMapper.merge(ObjectMapper.java:454) ~[elasticsearch-6.4.3.jar:6.4.3]
	at org.elasticsearch.index.mapper.RootObjectMapper.merge(RootObjectMapper.java:272) ~[elasticsearch-6.4.3.jar:6.4.3]
	at org.elasticsearch.index.mapper.Mapping.merge(Mapping.java:90) ~[elasticsearch-6.4.3.jar:6.4.3]
	at org.elasticsearch.index.mapper.DocumentMapper.merge(DocumentMapper.java:338) ~[elasticsearch-6.4.3.jar:6.4.3]
	at org.elasticsearch.cluster.metadata.MetaDataMappingService$PutMappingExecutor.applyRequest(MetaDataMappingService.java:266) ~[elasticsearch-6.4.3.jar:6.4.3]
	at org.elasticsearch.cluster.metadata.MetaDataMappingService$PutMappingExecutor.execute(MetaDataMappingService.java:229) ~[elasticsearch-6.4.3.jar:6.4.3]
	at org.elasticsearch.cluster.service.MasterService.executeTasks(MasterService.java:639) ~[elasticsearch-6.4.3.jar:6.4.3]
	at org.elasticsearch.cluster.service.MasterService.calculateTaskOutputs(MasterService.java:268) ~[elasticsearch-6.4.3.jar:6.4.3]
	at org.elasticsearch.cluster.service.MasterService.runTasks(MasterService.java:198) ~[elasticsearch-6.4.3.jar:6.4.3]
	at org.elasticsearch.cluster.service.MasterService$Batcher.run(MasterService.java:133) ~[elasticsearch-6.4.3.jar:6.4.3]
	at org.elasticsearch.cluster.service.TaskBatcher.runIfNotProcessed(TaskBatcher.java:150) ~[elasticsearch-6.4.3.jar:6.4.3]
	at org.elasticsearch.cluster.service.TaskBatcher$BatchedTask.run(TaskBatcher.java:188) ~[elasticsearch-6.4.3.jar:6.4.3]
	at org.elasticsearch.common.util.concurrent.ThreadContext$ContextPreservingRunnable.run(ThreadContext.java:624) ~[elasticsearch-6.4.3.jar:6.4.3]
	at org.elasticsearch.common.util.concurrent.PrioritizedEsThreadPoolExecutor$TieBreakingPrioritizedRunnable.runAndClean(PrioritizedEsThreadPoolExecutor.java:244) ~[elasticsearch-6.4.3.jar:6.4.3]
	at org.elasticsearch.common.util.concurrent.PrioritizedEsThreadPoolExecutor$TieBreakingPrioritizedRunnable.run(PrioritizedEsThreadPoolExecutor.java:207) ~[elasticsearch-6.4.3.jar:6.4.3]
	at java.util.concurrent.ThreadPoolExecutor.runWorker(ThreadPoolExecutor.java:1128) ~[na:1.8.0_131]
	at java.util.concurrent.ThreadPoolExecutor$Worker.run(ThreadPoolExecutor.java:628) ~[na:1.8.0_131]
	at java.lang.Thread.run(Thread.java:834) ~[na:1.8.0_131]

2019-12-14 18:15:58.661  INFO 8104 --- [restartedMain] c.k.i.s.SpringElasticsearchApplication   : Starting SpringElasticsearchApplication on DESKTOP-DFNIM0F with PID 8104 (C:\Users\klaus\git\spring-2019\spring-digger\spring-elasticsearch\target\classes started by klaus in C:\Users\klaus\git\spring-2019)
2019-12-14 18:15:58.665  INFO 8104 --- [restartedMain] c.k.i.s.SpringElasticsearchApplication   : The following profiles are active: node1
2019-12-14 18:15:58.781  INFO 8104 --- [restartedMain] .e.DevToolsPropertyDefaultsPostProcessor : Devtools property defaults active! Set 'spring.devtools.add-properties' to 'false' to disable
2019-12-14 18:15:58.781  INFO 8104 --- [restartedMain] .e.DevToolsPropertyDefaultsPostProcessor : For additional web related logging consider setting the 'logging.level.web' property to 'DEBUG'
2019-12-14 18:15:59.890  INFO 8104 --- [restartedMain] .s.d.r.c.RepositoryConfigurationDelegate : Bootstrapping Spring Data repositories in DEFAULT mode.
2019-12-14 18:15:59.970  INFO 8104 --- [restartedMain] .s.d.r.c.RepositoryConfigurationDelegate : Finished Spring Data repository scanning in 76ms. Found 1 repository interfaces.
2019-12-14 18:16:00.715  INFO 8104 --- [restartedMain] o.s.b.w.embedded.tomcat.TomcatWebServer  : Tomcat initialized with port(s): 40001 (http)
2019-12-14 18:16:00.753  INFO 8104 --- [restartedMain] o.apache.catalina.core.StandardService   : Starting service [Tomcat]
2019-12-14 18:16:00.753  INFO 8104 --- [restartedMain] org.apache.catalina.core.StandardEngine  : Starting Servlet engine: [Apache Tomcat/9.0.24]
2019-12-14 18:16:00.894  INFO 8104 --- [restartedMain] o.a.c.c.C.[Tomcat].[localhost].[/]       : Initializing Spring embedded WebApplicationContext
2019-12-14 18:16:00.895  INFO 8104 --- [restartedMain] o.s.web.context.ContextLoader            : Root WebApplicationContext: initialization completed in 2113 ms
2019-12-14 18:16:01.793  INFO 8104 --- [restartedMain] o.elasticsearch.plugins.PluginsService   : no modules loaded
2019-12-14 18:16:01.795  INFO 8104 --- [restartedMain] o.elasticsearch.plugins.PluginsService   : loaded plugin [org.elasticsearch.index.reindex.ReindexPlugin]
2019-12-14 18:16:01.795  INFO 8104 --- [restartedMain] o.elasticsearch.plugins.PluginsService   : loaded plugin [org.elasticsearch.join.ParentJoinPlugin]
2019-12-14 18:16:01.795  INFO 8104 --- [restartedMain] o.elasticsearch.plugins.PluginsService   : loaded plugin [org.elasticsearch.percolator.PercolatorPlugin]
2019-12-14 18:16:01.795  INFO 8104 --- [restartedMain] o.elasticsearch.plugins.PluginsService   : loaded plugin [org.elasticsearch.script.mustache.MustachePlugin]
2019-12-14 18:16:01.795  INFO 8104 --- [restartedMain] o.elasticsearch.plugins.PluginsService   : loaded plugin [org.elasticsearch.transport.Netty4Plugin]
2019-12-14 18:16:03.940 DEBUG 8104 --- [restartedMain] o.e.c.t.TransportClientNodesService      : node_sampler_interval[5s]
2019-12-14 18:16:04.033  INFO 8104 --- [restartedMain] o.s.d.e.c.TransportClientFactoryBean     : Adding transport node : 192.168.43.235:9300
2019-12-14 18:16:04.033 DEBUG 8104 --- [restartedMain] o.e.c.t.TransportClientNodesService      : adding address [{#transport#-1}{r_ZfucDfTWqtpCvGK2g0IA}{192.168.43.235}{192.168.43.235:9300}]
2019-12-14 18:16:05.764  INFO 8104 --- [restartedMain] o.s.b.d.a.OptionalLiveReloadServer       : LiveReload server is running on port 35729
2019-12-14 18:16:07.030  INFO 8104 --- [restartedMain] pertySourcedRequestMappingHandlerMapping : Mapped URL path [/v2/api-docs] onto method [public org.springframework.http.ResponseEntity<springfox.documentation.spring.web.json.Json> springfox.documentation.swagger2.web.Swagger2Controller.getDocumentation(java.lang.String,javax.servlet.http.HttpServletRequest)]
2019-12-14 18:16:07.200  INFO 8104 --- [restartedMain] o.s.s.concurrent.ThreadPoolTaskExecutor  : Initializing ExecutorService 'applicationTaskExecutor'
2019-12-14 18:16:07.359  INFO 8104 --- [restartedMain] d.s.w.p.DocumentationPluginsBootstrapper : Context refreshed
2019-12-14 18:16:07.382  INFO 8104 --- [restartedMain] d.s.w.p.DocumentationPluginsBootstrapper : Found 1 custom documentation plugin(s)
2019-12-14 18:16:07.425  INFO 8104 --- [restartedMain] s.d.s.w.s.ApiListingReferenceScanner     : Scanning for api listing references
2019-12-14 18:16:07.646  INFO 8104 --- [restartedMain] o.s.b.w.embedded.tomcat.TomcatWebServer  : Tomcat started on port(s): 40001 (http) with context path ''
2019-12-14 18:16:07.650  INFO 8104 --- [restartedMain] c.k.i.s.SpringElasticsearchApplication   : Started SpringElasticsearchApplication in 9.956 seconds (JVM running for 12.023)
2019-12-14 18:17:14.340  INFO 8104 --- [http-nio-40001-exec-1] o.a.c.c.C.[Tomcat].[localhost].[/]       : Initializing Spring DispatcherServlet 'dispatcherServlet'
2019-12-14 18:17:14.341  INFO 8104 --- [http-nio-40001-exec-1] o.s.web.servlet.DispatcherServlet        : Initializing Servlet 'dispatcherServlet'
2019-12-14 18:17:14.348  INFO 8104 --- [http-nio-40001-exec-1] o.s.web.servlet.DispatcherServlet        : Completed initialization in 7 ms
2019-12-14 18:17:36.354  INFO 8104 --- [http-nio-40001-exec-3] c.k.i.s.controller.IndexController       : className is :com.klaus.interview.springelasticsearch.model.SchoolPo
2019-12-14 18:17:36.355  INFO 8104 --- [http-nio-40001-exec-3] c.k.i.s.controller.IndexController       : className === :class com.klaus.interview.springelasticsearch.model.SchoolPo
2019-12-14 18:17:56.374  INFO 8104 --- [http-nio-40001-exec-4] c.k.i.s.controller.IndexController       : className is :com.klaus.interview.springelasticsearch.model.VisitLogPo
2019-12-14 18:17:56.376  INFO 8104 --- [http-nio-40001-exec-4] c.k.i.s.controller.IndexController       : className === :class com.klaus.interview.springelasticsearch.model.VisitLogPo
2019-12-14 18:17:56.525 ERROR 8104 --- [http-nio-40001-exec-4] o.a.c.c.C.[.[.[/].[dispatcherServlet]    : Servlet.service() for servlet [dispatcherServlet] in context with path [] threw exception [Request processing failed; nested exception is java.lang.IllegalArgumentException: Rejecting mapping update to [spring-elastic-test] as the final mapping would have more than 1 type: [school, visit-log]] with root cause

java.lang.IllegalArgumentException: Rejecting mapping update to [spring-elastic-test] as the final mapping would have more than 1 type: [school, visit-log]
	at org.elasticsearch.index.mapper.MapperService.internalMerge(MapperService.java:451) ~[elasticsearch-6.4.3.jar:6.4.3]
	at org.elasticsearch.index.mapper.MapperService.internalMerge(MapperService.java:399) ~[elasticsearch-6.4.3.jar:6.4.3]
	at org.elasticsearch.index.mapper.MapperService.merge(MapperService.java:331) ~[elasticsearch-6.4.3.jar:6.4.3]
	at org.elasticsearch.cluster.metadata.MetaDataMappingService$PutMappingExecutor.applyRequest(MetaDataMappingService.java:313) ~[elasticsearch-6.4.3.jar:6.4.3]
	at org.elasticsearch.cluster.metadata.MetaDataMappingService$PutMappingExecutor.execute(MetaDataMappingService.java:229) ~[elasticsearch-6.4.3.jar:6.4.3]
	at org.elasticsearch.cluster.service.MasterService.executeTasks(MasterService.java:639) ~[elasticsearch-6.4.3.jar:6.4.3]
	at org.elasticsearch.cluster.service.MasterService.calculateTaskOutputs(MasterService.java:268) ~[elasticsearch-6.4.3.jar:6.4.3]
	at org.elasticsearch.cluster.service.MasterService.runTasks(MasterService.java:198) ~[elasticsearch-6.4.3.jar:6.4.3]
	at org.elasticsearch.cluster.service.MasterService$Batcher.run(MasterService.java:133) ~[elasticsearch-6.4.3.jar:6.4.3]
	at org.elasticsearch.cluster.service.TaskBatcher.runIfNotProcessed(TaskBatcher.java:150) ~[elasticsearch-6.4.3.jar:6.4.3]
	at org.elasticsearch.cluster.service.TaskBatcher$BatchedTask.run(TaskBatcher.java:188) ~[elasticsearch-6.4.3.jar:6.4.3]
	at org.elasticsearch.common.util.concurrent.ThreadContext$ContextPreservingRunnable.run(ThreadContext.java:624) ~[elasticsearch-6.4.3.jar:6.4.3]
	at org.elasticsearch.common.util.concurrent.PrioritizedEsThreadPoolExecutor$TieBreakingPrioritizedRunnable.runAndClean(PrioritizedEsThreadPoolExecutor.java:244) ~[elasticsearch-6.4.3.jar:6.4.3]
	at org.elasticsearch.common.util.concurrent.PrioritizedEsThreadPoolExecutor$TieBreakingPrioritizedRunnable.run(PrioritizedEsThreadPoolExecutor.java:207) ~[elasticsearch-6.4.3.jar:6.4.3]
	at java.util.concurrent.ThreadPoolExecutor.runWorker(ThreadPoolExecutor.java:1128) ~[na:1.8.0_131]
	at java.util.concurrent.ThreadPoolExecutor$Worker.run(ThreadPoolExecutor.java:628) ~[na:1.8.0_131]
	at java.lang.Thread.run(Thread.java:834) ~[na:1.8.0_131]

2019-12-14 18:19:02.252  INFO 27284 --- [restartedMain] c.k.i.s.SpringElasticsearchApplication   : Starting SpringElasticsearchApplication on DESKTOP-DFNIM0F with PID 27284 (C:\Users\klaus\git\spring-2019\spring-digger\spring-elasticsearch\target\classes started by klaus in C:\Users\klaus\git\spring-2019)
2019-12-14 18:19:02.255  INFO 27284 --- [restartedMain] c.k.i.s.SpringElasticsearchApplication   : The following profiles are active: node1
2019-12-14 18:19:02.328  INFO 27284 --- [restartedMain] .e.DevToolsPropertyDefaultsPostProcessor : Devtools property defaults active! Set 'spring.devtools.add-properties' to 'false' to disable
2019-12-14 18:19:02.328  INFO 27284 --- [restartedMain] .e.DevToolsPropertyDefaultsPostProcessor : For additional web related logging consider setting the 'logging.level.web' property to 'DEBUG'
2019-12-14 18:19:03.484  INFO 27284 --- [restartedMain] .s.d.r.c.RepositoryConfigurationDelegate : Bootstrapping Spring Data repositories in DEFAULT mode.
2019-12-14 18:19:03.565  INFO 27284 --- [restartedMain] .s.d.r.c.RepositoryConfigurationDelegate : Finished Spring Data repository scanning in 77ms. Found 1 repository interfaces.
2019-12-14 18:19:04.197  INFO 27284 --- [restartedMain] o.s.b.w.embedded.tomcat.TomcatWebServer  : Tomcat initialized with port(s): 40001 (http)
2019-12-14 18:19:04.233  INFO 27284 --- [restartedMain] o.apache.catalina.core.StandardService   : Starting service [Tomcat]
2019-12-14 18:19:04.233  INFO 27284 --- [restartedMain] org.apache.catalina.core.StandardEngine  : Starting Servlet engine: [Apache Tomcat/9.0.24]
2019-12-14 18:19:04.363  INFO 27284 --- [restartedMain] o.a.c.c.C.[Tomcat].[localhost].[/]       : Initializing Spring embedded WebApplicationContext
2019-12-14 18:19:04.364  INFO 27284 --- [restartedMain] o.s.web.context.ContextLoader            : Root WebApplicationContext: initialization completed in 2036 ms
2019-12-14 18:19:05.225  INFO 27284 --- [restartedMain] o.elasticsearch.plugins.PluginsService   : no modules loaded
2019-12-14 18:19:05.227  INFO 27284 --- [restartedMain] o.elasticsearch.plugins.PluginsService   : loaded plugin [org.elasticsearch.index.reindex.ReindexPlugin]
2019-12-14 18:19:05.227  INFO 27284 --- [restartedMain] o.elasticsearch.plugins.PluginsService   : loaded plugin [org.elasticsearch.join.ParentJoinPlugin]
2019-12-14 18:19:05.227  INFO 27284 --- [restartedMain] o.elasticsearch.plugins.PluginsService   : loaded plugin [org.elasticsearch.percolator.PercolatorPlugin]
2019-12-14 18:19:05.227  INFO 27284 --- [restartedMain] o.elasticsearch.plugins.PluginsService   : loaded plugin [org.elasticsearch.script.mustache.MustachePlugin]
2019-12-14 18:19:05.227  INFO 27284 --- [restartedMain] o.elasticsearch.plugins.PluginsService   : loaded plugin [org.elasticsearch.transport.Netty4Plugin]
2019-12-14 18:19:07.346 DEBUG 27284 --- [restartedMain] o.e.c.t.TransportClientNodesService      : node_sampler_interval[5s]
2019-12-14 18:19:07.435  INFO 27284 --- [restartedMain] o.s.d.e.c.TransportClientFactoryBean     : Adding transport node : 192.168.43.235:9300
2019-12-14 18:19:07.436 DEBUG 27284 --- [restartedMain] o.e.c.t.TransportClientNodesService      : adding address [{#transport#-1}{MdDq1tRXRjuCL4fJoL-11w}{192.168.43.235}{192.168.43.235:9300}]
2019-12-14 18:19:09.064  INFO 27284 --- [restartedMain] o.s.b.d.a.OptionalLiveReloadServer       : LiveReload server is running on port 35729
2019-12-14 18:19:10.360  INFO 27284 --- [restartedMain] pertySourcedRequestMappingHandlerMapping : Mapped URL path [/v2/api-docs] onto method [public org.springframework.http.ResponseEntity<springfox.documentation.spring.web.json.Json> springfox.documentation.swagger2.web.Swagger2Controller.getDocumentation(java.lang.String,javax.servlet.http.HttpServletRequest)]
2019-12-14 18:19:10.535  INFO 27284 --- [restartedMain] o.s.s.concurrent.ThreadPoolTaskExecutor  : Initializing ExecutorService 'applicationTaskExecutor'
2019-12-14 18:19:10.729  INFO 27284 --- [restartedMain] d.s.w.p.DocumentationPluginsBootstrapper : Context refreshed
2019-12-14 18:19:10.752  INFO 27284 --- [restartedMain] d.s.w.p.DocumentationPluginsBootstrapper : Found 1 custom documentation plugin(s)
2019-12-14 18:19:10.821  INFO 27284 --- [restartedMain] s.d.s.w.s.ApiListingReferenceScanner     : Scanning for api listing references
2019-12-14 18:19:11.017  INFO 27284 --- [restartedMain] o.s.b.w.embedded.tomcat.TomcatWebServer  : Tomcat started on port(s): 40001 (http) with context path ''
2019-12-14 18:19:11.019  INFO 27284 --- [restartedMain] c.k.i.s.SpringElasticsearchApplication   : Started SpringElasticsearchApplication in 9.739 seconds (JVM running for 11.728)
2019-12-14 18:19:45.732  INFO 27284 --- [http-nio-40001-exec-1] o.a.c.c.C.[Tomcat].[localhost].[/]       : Initializing Spring DispatcherServlet 'dispatcherServlet'
2019-12-14 18:19:45.732  INFO 27284 --- [http-nio-40001-exec-1] o.s.web.servlet.DispatcherServlet        : Initializing Servlet 'dispatcherServlet'
2019-12-14 18:19:45.741  INFO 27284 --- [http-nio-40001-exec-1] o.s.web.servlet.DispatcherServlet        : Completed initialization in 9 ms
2019-12-14 18:20:10.577  INFO 27284 --- [http-nio-40001-exec-10] c.k.i.s.controller.IndexController       : className is :com.klaus.interview.springelasticsearch.model.SchoolPo
2019-12-14 18:20:10.578  INFO 27284 --- [http-nio-40001-exec-10] c.k.i.s.controller.IndexController       : className === :class com.klaus.interview.springelasticsearch.model.SchoolPo
2019-12-14 18:20:23.742  INFO 27284 --- [http-nio-40001-exec-1] c.k.i.s.controller.IndexController       : className is :com.klaus.interview.springelasticsearch.model.VisitLogPo
2019-12-14 18:20:23.743  INFO 27284 --- [http-nio-40001-exec-1] c.k.i.s.controller.IndexController       : className === :class com.klaus.interview.springelasticsearch.model.VisitLogPo
2019-12-14 18:42:03.563  INFO 5780 --- [restartedMain] c.k.i.s.SpringElasticsearchApplication   : Starting SpringElasticsearchApplication on DESKTOP-DFNIM0F with PID 5780 (C:\Users\klaus\git\spring-2019\spring-digger\spring-elasticsearch\target\classes started by klaus in C:\Users\klaus\git\spring-2019)
2019-12-14 18:42:03.568  INFO 5780 --- [restartedMain] c.k.i.s.SpringElasticsearchApplication   : The following profiles are active: node1
2019-12-14 18:42:03.620  INFO 5780 --- [restartedMain] .e.DevToolsPropertyDefaultsPostProcessor : Devtools property defaults active! Set 'spring.devtools.add-properties' to 'false' to disable
2019-12-14 18:42:03.620  INFO 5780 --- [restartedMain] .e.DevToolsPropertyDefaultsPostProcessor : For additional web related logging consider setting the 'logging.level.web' property to 'DEBUG'
2019-12-14 18:42:04.690  INFO 5780 --- [restartedMain] .s.d.r.c.RepositoryConfigurationDelegate : Bootstrapping Spring Data repositories in DEFAULT mode.
2019-12-14 18:42:04.761  INFO 5780 --- [restartedMain] .s.d.r.c.RepositoryConfigurationDelegate : Finished Spring Data repository scanning in 66ms. Found 2 repository interfaces.
2019-12-14 18:42:05.439  INFO 5780 --- [restartedMain] o.s.b.w.embedded.tomcat.TomcatWebServer  : Tomcat initialized with port(s): 40001 (http)
2019-12-14 18:42:05.462  INFO 5780 --- [restartedMain] o.apache.catalina.core.StandardService   : Starting service [Tomcat]
2019-12-14 18:42:05.462  INFO 5780 --- [restartedMain] org.apache.catalina.core.StandardEngine  : Starting Servlet engine: [Apache Tomcat/9.0.24]
2019-12-14 18:42:05.595  INFO 5780 --- [restartedMain] o.a.c.c.C.[Tomcat].[localhost].[/]       : Initializing Spring embedded WebApplicationContext
2019-12-14 18:42:05.595  INFO 5780 --- [restartedMain] o.s.web.context.ContextLoader            : Root WebApplicationContext: initialization completed in 1975 ms
2019-12-14 18:42:06.518  INFO 5780 --- [restartedMain] o.elasticsearch.plugins.PluginsService   : no modules loaded
2019-12-14 18:42:06.519  INFO 5780 --- [restartedMain] o.elasticsearch.plugins.PluginsService   : loaded plugin [org.elasticsearch.index.reindex.ReindexPlugin]
2019-12-14 18:42:06.519  INFO 5780 --- [restartedMain] o.elasticsearch.plugins.PluginsService   : loaded plugin [org.elasticsearch.join.ParentJoinPlugin]
2019-12-14 18:42:06.519  INFO 5780 --- [restartedMain] o.elasticsearch.plugins.PluginsService   : loaded plugin [org.elasticsearch.percolator.PercolatorPlugin]
2019-12-14 18:42:06.520  INFO 5780 --- [restartedMain] o.elasticsearch.plugins.PluginsService   : loaded plugin [org.elasticsearch.script.mustache.MustachePlugin]
2019-12-14 18:42:06.520  INFO 5780 --- [restartedMain] o.elasticsearch.plugins.PluginsService   : loaded plugin [org.elasticsearch.transport.Netty4Plugin]
2019-12-14 18:42:08.663 DEBUG 5780 --- [restartedMain] o.e.c.t.TransportClientNodesService      : node_sampler_interval[5s]
2019-12-14 18:42:08.739  INFO 5780 --- [restartedMain] o.s.d.e.c.TransportClientFactoryBean     : Adding transport node : 192.168.43.235:9300
2019-12-14 18:42:08.739 DEBUG 5780 --- [restartedMain] o.e.c.t.TransportClientNodesService      : adding address [{#transport#-1}{TuFPKjMdSZ6OlqJvM1j2BA}{192.168.43.235}{192.168.43.235:9300}]
2019-12-14 18:42:10.305  INFO 5780 --- [restartedMain] o.s.b.d.a.OptionalLiveReloadServer       : LiveReload server is running on port 35729
2019-12-14 18:42:11.554  INFO 5780 --- [restartedMain] pertySourcedRequestMappingHandlerMapping : Mapped URL path [/v2/api-docs] onto method [public org.springframework.http.ResponseEntity<springfox.documentation.spring.web.json.Json> springfox.documentation.swagger2.web.Swagger2Controller.getDocumentation(java.lang.String,javax.servlet.http.HttpServletRequest)]
2019-12-14 18:42:11.683  INFO 5780 --- [restartedMain] o.s.s.concurrent.ThreadPoolTaskExecutor  : Initializing ExecutorService 'applicationTaskExecutor'
2019-12-14 18:42:11.813  INFO 5780 --- [restartedMain] d.s.w.p.DocumentationPluginsBootstrapper : Context refreshed
2019-12-14 18:42:11.831  INFO 5780 --- [restartedMain] d.s.w.p.DocumentationPluginsBootstrapper : Found 1 custom documentation plugin(s)
2019-12-14 18:42:11.868  INFO 5780 --- [restartedMain] s.d.s.w.s.ApiListingReferenceScanner     : Scanning for api listing references
2019-12-14 18:42:12.073  INFO 5780 --- [restartedMain] o.s.b.w.embedded.tomcat.TomcatWebServer  : Tomcat started on port(s): 40001 (http) with context path ''
2019-12-14 18:42:12.075  INFO 5780 --- [restartedMain] c.k.i.s.SpringElasticsearchApplication   : Started SpringElasticsearchApplication in 9.216 seconds (JVM running for 10.973)
2019-12-14 18:42:33.343  INFO 5780 --- [http-nio-40001-exec-1] o.a.c.c.C.[Tomcat].[localhost].[/]       : Initializing Spring DispatcherServlet 'dispatcherServlet'
2019-12-14 18:42:33.343  INFO 5780 --- [http-nio-40001-exec-1] o.s.web.servlet.DispatcherServlet        : Initializing Servlet 'dispatcherServlet'
2019-12-14 18:42:33.352  INFO 5780 --- [http-nio-40001-exec-1] o.s.web.servlet.DispatcherServlet        : Completed initialization in 8 ms
2019-12-14 18:43:40.479  INFO 19924 --- [restartedMain] c.k.i.s.SpringElasticsearchApplication   : Starting SpringElasticsearchApplication on DESKTOP-DFNIM0F with PID 19924 (C:\Users\klaus\git\spring-2019\spring-digger\spring-elasticsearch\target\classes started by klaus in C:\Users\klaus\git\spring-2019)
2019-12-14 18:43:40.483  INFO 19924 --- [restartedMain] c.k.i.s.SpringElasticsearchApplication   : The following profiles are active: node1
2019-12-14 18:43:40.544  INFO 19924 --- [restartedMain] .e.DevToolsPropertyDefaultsPostProcessor : Devtools property defaults active! Set 'spring.devtools.add-properties' to 'false' to disable
2019-12-14 18:43:40.544  INFO 19924 --- [restartedMain] .e.DevToolsPropertyDefaultsPostProcessor : For additional web related logging consider setting the 'logging.level.web' property to 'DEBUG'
2019-12-14 18:43:41.531  INFO 19924 --- [restartedMain] .s.d.r.c.RepositoryConfigurationDelegate : Bootstrapping Spring Data repositories in DEFAULT mode.
2019-12-14 18:43:41.601  INFO 19924 --- [restartedMain] .s.d.r.c.RepositoryConfigurationDelegate : Finished Spring Data repository scanning in 66ms. Found 2 repository interfaces.
2019-12-14 18:43:42.139  INFO 19924 --- [restartedMain] o.s.b.w.embedded.tomcat.TomcatWebServer  : Tomcat initialized with port(s): 40001 (http)
2019-12-14 18:43:42.159  INFO 19924 --- [restartedMain] o.apache.catalina.core.StandardService   : Starting service [Tomcat]
2019-12-14 18:43:42.159  INFO 19924 --- [restartedMain] org.apache.catalina.core.StandardEngine  : Starting Servlet engine: [Apache Tomcat/9.0.24]
2019-12-14 18:43:42.285  INFO 19924 --- [restartedMain] o.a.c.c.C.[Tomcat].[localhost].[/]       : Initializing Spring embedded WebApplicationContext
2019-12-14 18:43:42.285  INFO 19924 --- [restartedMain] o.s.web.context.ContextLoader            : Root WebApplicationContext: initialization completed in 1741 ms
2019-12-14 18:43:43.118  INFO 19924 --- [restartedMain] o.elasticsearch.plugins.PluginsService   : no modules loaded
2019-12-14 18:43:43.119  INFO 19924 --- [restartedMain] o.elasticsearch.plugins.PluginsService   : loaded plugin [org.elasticsearch.index.reindex.ReindexPlugin]
2019-12-14 18:43:43.119  INFO 19924 --- [restartedMain] o.elasticsearch.plugins.PluginsService   : loaded plugin [org.elasticsearch.join.ParentJoinPlugin]
2019-12-14 18:43:43.119  INFO 19924 --- [restartedMain] o.elasticsearch.plugins.PluginsService   : loaded plugin [org.elasticsearch.percolator.PercolatorPlugin]
2019-12-14 18:43:43.119  INFO 19924 --- [restartedMain] o.elasticsearch.plugins.PluginsService   : loaded plugin [org.elasticsearch.script.mustache.MustachePlugin]
2019-12-14 18:43:43.120  INFO 19924 --- [restartedMain] o.elasticsearch.plugins.PluginsService   : loaded plugin [org.elasticsearch.transport.Netty4Plugin]
2019-12-14 18:43:45.144 DEBUG 19924 --- [restartedMain] o.e.c.t.TransportClientNodesService      : node_sampler_interval[5s]
2019-12-14 18:43:45.258  INFO 19924 --- [restartedMain] o.s.d.e.c.TransportClientFactoryBean     : Adding transport node : 192.168.43.235:9300
2019-12-14 18:43:45.258 DEBUG 19924 --- [restartedMain] o.e.c.t.TransportClientNodesService      : adding address [{#transport#-1}{YELn11vcST6uzggHzMSE3A}{192.168.43.235}{192.168.43.235:9300}]
2019-12-14 18:43:46.879  INFO 19924 --- [restartedMain] o.s.b.d.a.OptionalLiveReloadServer       : LiveReload server is running on port 35729
2019-12-14 18:43:48.106  INFO 19924 --- [restartedMain] pertySourcedRequestMappingHandlerMapping : Mapped URL path [/v2/api-docs] onto method [public org.springframework.http.ResponseEntity<springfox.documentation.spring.web.json.Json> springfox.documentation.swagger2.web.Swagger2Controller.getDocumentation(java.lang.String,javax.servlet.http.HttpServletRequest)]
2019-12-14 18:43:48.234  INFO 19924 --- [restartedMain] o.s.s.concurrent.ThreadPoolTaskExecutor  : Initializing ExecutorService 'applicationTaskExecutor'
2019-12-14 18:43:48.387  INFO 19924 --- [restartedMain] d.s.w.p.DocumentationPluginsBootstrapper : Context refreshed
2019-12-14 18:43:48.408  INFO 19924 --- [restartedMain] d.s.w.p.DocumentationPluginsBootstrapper : Found 1 custom documentation plugin(s)
2019-12-14 18:43:48.443  INFO 19924 --- [restartedMain] s.d.s.w.s.ApiListingReferenceScanner     : Scanning for api listing references
2019-12-14 18:43:48.616  INFO 19924 --- [restartedMain] o.s.b.w.embedded.tomcat.TomcatWebServer  : Tomcat started on port(s): 40001 (http) with context path ''
2019-12-14 18:43:48.618  INFO 19924 --- [restartedMain] c.k.i.s.SpringElasticsearchApplication   : Started SpringElasticsearchApplication in 8.837 seconds (JVM running for 10.691)
2019-12-14 18:44:01.357  INFO 19924 --- [http-nio-40001-exec-1] o.a.c.c.C.[Tomcat].[localhost].[/]       : Initializing Spring DispatcherServlet 'dispatcherServlet'
2019-12-14 18:44:01.357  INFO 19924 --- [http-nio-40001-exec-1] o.s.web.servlet.DispatcherServlet        : Initializing Servlet 'dispatcherServlet'
2019-12-14 18:44:01.364  INFO 19924 --- [http-nio-40001-exec-1] o.s.web.servlet.DispatcherServlet        : Completed initialization in 6 ms
